2017-08-31 11:14:38,870 | INFO  | Refreshing org.apache.activemq.xbean.XBeanBrokerFactory$1@5b275dab: startup date [Thu Aug 31 11:14:38 CST 2017]; root of context hierarchy | org.apache.activemq.xbean.XBeanBrokerFactory$1 | main
2017-08-31 11:14:40,081 | INFO  | PListStore:[D:\Unity_Projects\inmerssion_colombia_activemq\apache-activemq-5.11.1-bin\bin\..\data\localhost\tmp_storage] started | org.apache.activemq.store.kahadb.plist.PListStoreImpl | main
2017-08-31 11:14:40,101 | INFO  | Using Persistence Adapter: KahaDBPersistenceAdapter[D:\Unity_Projects\inmerssion_colombia_activemq\apache-activemq-5.11.1-bin\bin\..\data\kahadb] | org.apache.activemq.broker.BrokerService | main
2017-08-31 11:14:40,445 | INFO  | Apache ActiveMQ 5.11.1 (localhost, ID:ISG-149380-54192-1504199680314-0:1) is starting | org.apache.activemq.broker.BrokerService | main
2017-08-31 11:14:40,479 | INFO  | Listening for connections at: tcp://ISG-149380:61616?maximumConnections=1000&wireFormat.maxFrameSize=104857600 | org.apache.activemq.transport.TransportServerThreadSupport | main
2017-08-31 11:14:40,481 | INFO  | Connector openwire started | org.apache.activemq.broker.TransportConnector | main
2017-08-31 11:14:40,486 | INFO  | Listening for connections at: amqp://ISG-149380:5672?maximumConnections=1000&wireFormat.maxFrameSize=104857600 | org.apache.activemq.transport.TransportServerThreadSupport | main
2017-08-31 11:14:40,487 | INFO  | Connector amqp started | org.apache.activemq.broker.TransportConnector | main
2017-08-31 11:14:40,492 | INFO  | Listening for connections at: stomp://ISG-149380:61613?maximumConnections=1000&wireFormat.maxFrameSize=104857600 | org.apache.activemq.transport.TransportServerThreadSupport | main
2017-08-31 11:14:40,495 | INFO  | Connector stomp started | org.apache.activemq.broker.TransportConnector | main
2017-08-31 11:14:40,498 | INFO  | Listening for connections at: mqtt://ISG-149380:1883?maximumConnections=1000&wireFormat.maxFrameSize=104857600 | org.apache.activemq.transport.TransportServerThreadSupport | main
2017-08-31 11:14:40,500 | INFO  | Connector mqtt started | org.apache.activemq.broker.TransportConnector | main
2017-08-31 11:14:40,678 | INFO  | Listening for connections at ws://ISG-149380:61614?maximumConnections=1000&wireFormat.maxFrameSize=104857600 | org.apache.activemq.transport.ws.WSTransportServer | main
2017-08-31 11:14:40,679 | INFO  | Connector ws started | org.apache.activemq.broker.TransportConnector | main
2017-08-31 11:14:40,681 | INFO  | Apache ActiveMQ 5.11.1 (localhost, ID:ISG-149380-54192-1504199680314-0:1) started | org.apache.activemq.broker.BrokerService | main
2017-08-31 11:14:40,682 | INFO  | For help or more information please see: http://activemq.apache.org | org.apache.activemq.broker.BrokerService | main
2017-08-31 11:14:41,086 | INFO  | ActiveMQ WebConsole available at http://0.0.0.0:8161/ | org.apache.activemq.web.WebConsoleStarter | main
2017-08-31 11:14:41,214 | INFO  | Initializing Spring FrameworkServlet 'dispatcher' | /admin | main
2017-08-31 11:14:41,515 | INFO  | jolokia-agent: No access restrictor found at classpath:/jolokia-access.xml, access to all MBeans is allowed | /api | main
2017-08-31 11:17:12,292 | WARN  | Failed to add Connection ID:ISG-149380-54307-636397750320743811-1:1 | org.apache.activemq.broker.TransportConnection | ActiveMQ Transport: tcp:///0:0:0:0:0:0:0:1:54310@61616
javax.jms.InvalidClientIDException: Broker: localhost - Client: Unity Connection already connected from tcp://0:0:0:0:0:0:0:1:54309
	at org.apache.activemq.broker.region.RegionBroker.addConnection(RegionBroker.java:255)[activemq-broker-5.11.1.jar:5.11.1]
	at org.apache.activemq.broker.jmx.ManagedRegionBroker.addConnection(ManagedRegionBroker.java:231)[activemq-broker-5.11.1.jar:5.11.1]
	at org.apache.activemq.broker.BrokerFilter.addConnection(BrokerFilter.java:97)[activemq-broker-5.11.1.jar:5.11.1]
	at org.apache.activemq.advisory.AdvisoryBroker.addConnection(AdvisoryBroker.java:92)[activemq-broker-5.11.1.jar:5.11.1]
	at org.apache.activemq.broker.BrokerFilter.addConnection(BrokerFilter.java:97)[activemq-broker-5.11.1.jar:5.11.1]
	at org.apache.activemq.broker.BrokerFilter.addConnection(BrokerFilter.java:97)[activemq-broker-5.11.1.jar:5.11.1]
	at org.apache.activemq.broker.MutableBrokerFilter.addConnection(MutableBrokerFilter.java:102)[activemq-broker-5.11.1.jar:5.11.1]
	at org.apache.activemq.broker.TransportConnection.processAddConnection(TransportConnection.java:809)[activemq-broker-5.11.1.jar:5.11.1]
	at org.apache.activemq.broker.jmx.ManagedTransportConnection.processAddConnection(ManagedTransportConnection.java:79)[activemq-broker-5.11.1.jar:5.11.1]
	at org.apache.activemq.command.ConnectionInfo.visit(ConnectionInfo.java:139)[activemq-client-5.11.1.jar:5.11.1]
	at org.apache.activemq.broker.TransportConnection.service(TransportConnection.java:334)[activemq-broker-5.11.1.jar:5.11.1]
	at org.apache.activemq.broker.TransportConnection$1.onCommand(TransportConnection.java:188)[activemq-broker-5.11.1.jar:5.11.1]
	at org.apache.activemq.transport.MutexTransport.onCommand(MutexTransport.java:50)[activemq-client-5.11.1.jar:5.11.1]
	at org.apache.activemq.transport.WireFormatNegotiator.onCommand(WireFormatNegotiator.java:113)[activemq-client-5.11.1.jar:5.11.1]
	at org.apache.activemq.transport.AbstractInactivityMonitor.onCommand(AbstractInactivityMonitor.java:270)[activemq-client-5.11.1.jar:5.11.1]
	at org.apache.activemq.transport.TransportSupport.doConsume(TransportSupport.java:83)[activemq-client-5.11.1.jar:5.11.1]
	at org.apache.activemq.transport.tcp.TcpTransport.doRun(TcpTransport.java:214)[activemq-client-5.11.1.jar:5.11.1]
	at org.apache.activemq.transport.tcp.TcpTransport.run(TcpTransport.java:196)[activemq-client-5.11.1.jar:5.11.1]
	at java.lang.Thread.run(Thread.java:748)[:1.8.0_131]
2017-08-31 11:17:12,304 | WARN  | Transport Connection to: tcp://0:0:0:0:0:0:0:1:54310 failed: java.io.EOFException | org.apache.activemq.broker.TransportConnection.Transport | ActiveMQ Transport: tcp:///0:0:0:0:0:0:0:1:54310@61616
2017-08-31 11:19:13,406 | WARN  | Failed to add Connection ID:ISG-149380-54329-636397751531979569-1:1 | org.apache.activemq.broker.TransportConnection | ActiveMQ Transport: tcp:///0:0:0:0:0:0:0:1:54331@61616
javax.jms.InvalidClientIDException: Broker: localhost - Client: Unity Connection already connected from tcp://0:0:0:0:0:0:0:1:54330
	at org.apache.activemq.broker.region.RegionBroker.addConnection(RegionBroker.java:255)[activemq-broker-5.11.1.jar:5.11.1]
	at org.apache.activemq.broker.jmx.ManagedRegionBroker.addConnection(ManagedRegionBroker.java:231)[activemq-broker-5.11.1.jar:5.11.1]
	at org.apache.activemq.broker.BrokerFilter.addConnection(BrokerFilter.java:97)[activemq-broker-5.11.1.jar:5.11.1]
	at org.apache.activemq.advisory.AdvisoryBroker.addConnection(AdvisoryBroker.java:92)[activemq-broker-5.11.1.jar:5.11.1]
	at org.apache.activemq.broker.BrokerFilter.addConnection(BrokerFilter.java:97)[activemq-broker-5.11.1.jar:5.11.1]
	at org.apache.activemq.broker.BrokerFilter.addConnection(BrokerFilter.java:97)[activemq-broker-5.11.1.jar:5.11.1]
	at org.apache.activemq.broker.MutableBrokerFilter.addConnection(MutableBrokerFilter.java:102)[activemq-broker-5.11.1.jar:5.11.1]
	at org.apache.activemq.broker.TransportConnection.processAddConnection(TransportConnection.java:809)[activemq-broker-5.11.1.jar:5.11.1]
	at org.apache.activemq.broker.jmx.ManagedTransportConnection.processAddConnection(ManagedTransportConnection.java:79)[activemq-broker-5.11.1.jar:5.11.1]
	at org.apache.activemq.command.ConnectionInfo.visit(ConnectionInfo.java:139)[activemq-client-5.11.1.jar:5.11.1]
	at org.apache.activemq.broker.TransportConnection.service(TransportConnection.java:334)[activemq-broker-5.11.1.jar:5.11.1]
	at org.apache.activemq.broker.TransportConnection$1.onCommand(TransportConnection.java:188)[activemq-broker-5.11.1.jar:5.11.1]
	at org.apache.activemq.transport.MutexTransport.onCommand(MutexTransport.java:50)[activemq-client-5.11.1.jar:5.11.1]
	at org.apache.activemq.transport.WireFormatNegotiator.onCommand(WireFormatNegotiator.java:113)[activemq-client-5.11.1.jar:5.11.1]
	at org.apache.activemq.transport.AbstractInactivityMonitor.onCommand(AbstractInactivityMonitor.java:270)[activemq-client-5.11.1.jar:5.11.1]
	at org.apache.activemq.transport.TransportSupport.doConsume(TransportSupport.java:83)[activemq-client-5.11.1.jar:5.11.1]
	at org.apache.activemq.transport.tcp.TcpTransport.doRun(TcpTransport.java:214)[activemq-client-5.11.1.jar:5.11.1]
	at org.apache.activemq.transport.tcp.TcpTransport.run(TcpTransport.java:196)[activemq-client-5.11.1.jar:5.11.1]
	at java.lang.Thread.run(Thread.java:748)[:1.8.0_131]
2017-08-31 11:19:13,416 | WARN  | Transport Connection to: tcp://0:0:0:0:0:0:0:1:54331 failed: java.io.EOFException | org.apache.activemq.broker.TransportConnection.Transport | ActiveMQ Transport: tcp:///0:0:0:0:0:0:0:1:54331@61616
2017-08-31 11:19:54,004 | WARN  | Transport Connection to: tcp://0:0:0:0:0:0:0:1:54276 failed: java.net.SocketException: Connection reset | org.apache.activemq.broker.TransportConnection.Transport | ActiveMQ Transport: tcp:///0:0:0:0:0:0:0:1:54276@61616
2017-08-31 11:54:23,723 | INFO  | Refreshing org.apache.activemq.xbean.XBeanBrokerFactory$1@523884b2: startup date [Thu Aug 31 11:54:23 CST 2017]; root of context hierarchy | org.apache.activemq.xbean.XBeanBrokerFactory$1 | main
2017-08-31 11:54:24,450 | INFO  | PListStore:[D:\Unity_Projects\inmerssion_colombia_activemq\apache-activemq-5.11.1-bin\bin\..\data\localhost\tmp_storage] started | org.apache.activemq.store.kahadb.plist.PListStoreImpl | main
2017-08-31 11:54:24,473 | INFO  | Using Persistence Adapter: KahaDBPersistenceAdapter[D:\Unity_Projects\inmerssion_colombia_activemq\apache-activemq-5.11.1-bin\bin\..\data\kahadb] | org.apache.activemq.broker.BrokerService | main
2017-08-31 11:54:24,762 | INFO  | KahaDB is version 5 | org.apache.activemq.store.kahadb.MessageDatabase | main
2017-08-31 11:54:24,780 | INFO  | Recovering from the journal ... | org.apache.activemq.store.kahadb.MessageDatabase | main
2017-08-31 11:54:24,791 | INFO  | Recovery replayed 216 operations from the journal in 0.022 seconds. | org.apache.activemq.store.kahadb.MessageDatabase | main
2017-08-31 11:54:24,935 | INFO  | Apache ActiveMQ 5.11.1 (localhost, ID:ISG-149380-54763-1504202064814-0:1) is starting | org.apache.activemq.broker.BrokerService | main
2017-08-31 11:54:24,989 | INFO  | Listening for connections at: tcp://ISG-149380:61616?maximumConnections=1000&wireFormat.maxFrameSize=104857600 | org.apache.activemq.transport.TransportServerThreadSupport | main
2017-08-31 11:54:24,991 | INFO  | Connector openwire started | org.apache.activemq.broker.TransportConnector | main
2017-08-31 11:54:24,995 | INFO  | Listening for connections at: amqp://ISG-149380:5672?maximumConnections=1000&wireFormat.maxFrameSize=104857600 | org.apache.activemq.transport.TransportServerThreadSupport | main
2017-08-31 11:54:24,998 | INFO  | Connector amqp started | org.apache.activemq.broker.TransportConnector | main
2017-08-31 11:54:25,003 | INFO  | Listening for connections at: stomp://ISG-149380:61613?maximumConnections=1000&wireFormat.maxFrameSize=104857600 | org.apache.activemq.transport.TransportServerThreadSupport | main
2017-08-31 11:54:25,004 | INFO  | Connector stomp started | org.apache.activemq.broker.TransportConnector | main
2017-08-31 11:54:25,008 | INFO  | Listening for connections at: mqtt://ISG-149380:1883?maximumConnections=1000&wireFormat.maxFrameSize=104857600 | org.apache.activemq.transport.TransportServerThreadSupport | main
2017-08-31 11:54:25,010 | INFO  | Connector mqtt started | org.apache.activemq.broker.TransportConnector | main
2017-08-31 11:54:25,148 | INFO  | Listening for connections at ws://ISG-149380:61614?maximumConnections=1000&wireFormat.maxFrameSize=104857600 | org.apache.activemq.transport.ws.WSTransportServer | main
2017-08-31 11:54:25,148 | INFO  | Connector ws started | org.apache.activemq.broker.TransportConnector | main
2017-08-31 11:54:25,151 | INFO  | Apache ActiveMQ 5.11.1 (localhost, ID:ISG-149380-54763-1504202064814-0:1) started | org.apache.activemq.broker.BrokerService | main
2017-08-31 11:54:25,152 | INFO  | For help or more information please see: http://activemq.apache.org | org.apache.activemq.broker.BrokerService | main
2017-08-31 11:54:25,412 | INFO  | ActiveMQ WebConsole available at http://0.0.0.0:8161/ | org.apache.activemq.web.WebConsoleStarter | main
2017-08-31 11:54:25,452 | INFO  | Initializing Spring FrameworkServlet 'dispatcher' | /admin | main
2017-08-31 11:54:25,646 | INFO  | jolokia-agent: No access restrictor found at classpath:/jolokia-access.xml, access to all MBeans is allowed | /api | main
2017-08-31 17:18:17,003 | WARN  | Transport Connection to: tcp://0:0:0:0:0:0:0:1:54823 failed: java.io.EOFException | org.apache.activemq.broker.TransportConnection.Transport | ActiveMQ Transport: tcp:///0:0:0:0:0:0:0:1:54823@61616
2017-09-01 16:28:03,511 | INFO  | Refreshing org.apache.activemq.xbean.XBeanBrokerFactory$1@523884b2: startup date [Fri Sep 01 16:28:03 CST 2017]; root of context hierarchy | org.apache.activemq.xbean.XBeanBrokerFactory$1 | main
2017-09-01 16:28:04,248 | INFO  | PListStore:[D:\Unity_Projects\inmerssion_colombia_activemq_uan\apache-activemq-5.11.1-bin\bin\..\data\localhost\tmp_storage] started | org.apache.activemq.store.kahadb.plist.PListStoreImpl | main
2017-09-01 16:28:04,268 | INFO  | Using Persistence Adapter: KahaDBPersistenceAdapter[D:\Unity_Projects\inmerssion_colombia_activemq_uan\apache-activemq-5.11.1-bin\bin\..\data\kahadb] | org.apache.activemq.broker.BrokerService | main
2017-09-01 16:28:04,837 | INFO  | KahaDB is version 5 | org.apache.activemq.store.kahadb.MessageDatabase | main
2017-09-01 16:28:04,860 | INFO  | Recovering from the journal ... | org.apache.activemq.store.kahadb.MessageDatabase | main
2017-09-01 16:28:04,937 | INFO  | Recovery replayed 3645 operations from the journal in 0.091 seconds. | org.apache.activemq.store.kahadb.MessageDatabase | main
2017-09-01 16:28:05,074 | INFO  | Apache ActiveMQ 5.11.1 (localhost, ID:ISG-149380-53511-1504304884955-0:1) is starting | org.apache.activemq.broker.BrokerService | main
2017-09-01 16:28:05,129 | INFO  | Listening for connections at: tcp://ISG-149380:61616?maximumConnections=1000&wireFormat.maxFrameSize=104857600 | org.apache.activemq.transport.TransportServerThreadSupport | main
2017-09-01 16:28:05,131 | INFO  | Connector openwire started | org.apache.activemq.broker.TransportConnector | main
2017-09-01 16:28:05,134 | INFO  | Listening for connections at: amqp://ISG-149380:5672?maximumConnections=1000&wireFormat.maxFrameSize=104857600 | org.apache.activemq.transport.TransportServerThreadSupport | main
2017-09-01 16:28:05,136 | INFO  | Connector amqp started | org.apache.activemq.broker.TransportConnector | main
2017-09-01 16:28:05,140 | INFO  | Listening for connections at: stomp://ISG-149380:61613?maximumConnections=1000&wireFormat.maxFrameSize=104857600 | org.apache.activemq.transport.TransportServerThreadSupport | main
2017-09-01 16:28:05,142 | INFO  | Connector stomp started | org.apache.activemq.broker.TransportConnector | main
2017-09-01 16:28:05,147 | INFO  | Listening for connections at: mqtt://ISG-149380:1883?maximumConnections=1000&wireFormat.maxFrameSize=104857600 | org.apache.activemq.transport.TransportServerThreadSupport | main
2017-09-01 16:28:05,148 | INFO  | Connector mqtt started | org.apache.activemq.broker.TransportConnector | main
2017-09-01 16:28:05,285 | INFO  | Listening for connections at ws://ISG-149380:61614?maximumConnections=1000&wireFormat.maxFrameSize=104857600 | org.apache.activemq.transport.ws.WSTransportServer | main
2017-09-01 16:28:05,286 | INFO  | Connector ws started | org.apache.activemq.broker.TransportConnector | main
2017-09-01 16:28:05,289 | INFO  | Apache ActiveMQ 5.11.1 (localhost, ID:ISG-149380-53511-1504304884955-0:1) started | org.apache.activemq.broker.BrokerService | main
2017-09-01 16:28:05,290 | INFO  | For help or more information please see: http://activemq.apache.org | org.apache.activemq.broker.BrokerService | main
2017-09-01 16:28:05,592 | INFO  | ActiveMQ WebConsole available at http://0.0.0.0:8161/ | org.apache.activemq.web.WebConsoleStarter | main
2017-09-01 16:28:05,640 | INFO  | Initializing Spring FrameworkServlet 'dispatcher' | /admin | main
2017-09-01 16:28:05,905 | INFO  | jolokia-agent: No access restrictor found at classpath:/jolokia-access.xml, access to all MBeans is allowed | /api | main
2017-09-05 12:09:30,164 | INFO  | Refreshing org.apache.activemq.xbean.XBeanBrokerFactory$1@6f7fd0e6: startup date [Tue Sep 05 12:09:30 COT 2017]; root of context hierarchy | org.apache.activemq.xbean.XBeanBrokerFactory$1 | main
2017-09-05 12:09:30,777 | INFO  | PListStore:[D:\Programas_vht\inmerssion_colombia\inmerssion_colombia_activemq_uan\apache-activemq-5.11.1-bin\bin\..\data\localhost\tmp_storage] started | org.apache.activemq.store.kahadb.plist.PListStoreImpl | main
2017-09-05 12:09:30,800 | INFO  | Using Persistence Adapter: KahaDBPersistenceAdapter[D:\Programas_vht\inmerssion_colombia\inmerssion_colombia_activemq_uan\apache-activemq-5.11.1-bin\bin\..\data\kahadb] | org.apache.activemq.broker.BrokerService | main
2017-09-05 12:09:31,044 | INFO  | KahaDB is version 5 | org.apache.activemq.store.kahadb.MessageDatabase | main
2017-09-05 12:09:31,063 | INFO  | Recovering from the journal ... | org.apache.activemq.store.kahadb.MessageDatabase | main
2017-09-05 12:09:31,070 | INFO  | Recovery replayed 82 operations from the journal in 0.018 seconds. | org.apache.activemq.store.kahadb.MessageDatabase | main
2017-09-05 12:09:31,205 | INFO  | Apache ActiveMQ 5.11.1 (localhost, ID:DESKTOP-706DKDI-57229-1504631371090-0:1) is starting | org.apache.activemq.broker.BrokerService | main
2017-09-05 12:09:31,246 | INFO  | Listening for connections at: tcp://DESKTOP-706DKDI:61616?maximumConnections=1000&wireFormat.maxFrameSize=104857600 | org.apache.activemq.transport.TransportServerThreadSupport | main
2017-09-05 12:09:31,249 | INFO  | Connector openwire started | org.apache.activemq.broker.TransportConnector | main
2017-09-05 12:09:31,256 | INFO  | Listening for connections at: amqp://DESKTOP-706DKDI:5672?maximumConnections=1000&wireFormat.maxFrameSize=104857600 | org.apache.activemq.transport.TransportServerThreadSupport | main
2017-09-05 12:09:31,258 | INFO  | Connector amqp started | org.apache.activemq.broker.TransportConnector | main
2017-09-05 12:09:31,266 | INFO  | Listening for connections at: stomp://DESKTOP-706DKDI:61613?maximumConnections=1000&wireFormat.maxFrameSize=104857600 | org.apache.activemq.transport.TransportServerThreadSupport | main
2017-09-05 12:09:31,270 | INFO  | Connector stomp started | org.apache.activemq.broker.TransportConnector | main
2017-09-05 12:09:31,274 | INFO  | Listening for connections at: mqtt://DESKTOP-706DKDI:1883?maximumConnections=1000&wireFormat.maxFrameSize=104857600 | org.apache.activemq.transport.TransportServerThreadSupport | main
2017-09-05 12:09:31,275 | INFO  | Connector mqtt started | org.apache.activemq.broker.TransportConnector | main
2017-09-05 12:09:31,383 | INFO  | Listening for connections at ws://DESKTOP-706DKDI:61614?maximumConnections=1000&wireFormat.maxFrameSize=104857600 | org.apache.activemq.transport.ws.WSTransportServer | main
2017-09-05 12:09:31,385 | INFO  | Connector ws started | org.apache.activemq.broker.TransportConnector | main
2017-09-05 12:09:31,392 | INFO  | Apache ActiveMQ 5.11.1 (localhost, ID:DESKTOP-706DKDI-57229-1504631371090-0:1) started | org.apache.activemq.broker.BrokerService | main
2017-09-05 12:09:31,393 | INFO  | For help or more information please see: http://activemq.apache.org | org.apache.activemq.broker.BrokerService | main
2017-09-05 12:09:31,612 | INFO  | ActiveMQ WebConsole available at http://0.0.0.0:8161/ | org.apache.activemq.web.WebConsoleStarter | main
2017-09-05 12:09:31,666 | INFO  | Initializing Spring FrameworkServlet 'dispatcher' | /admin | main
2017-09-05 12:09:31,907 | INFO  | jolokia-agent: No access restrictor found at classpath:/jolokia-access.xml, access to all MBeans is allowed | /api | main
2017-09-05 12:15:07,279 | WARN  | Transport Connection to: tcp://0:0:0:0:0:0:0:1:57291 failed: java.io.EOFException | org.apache.activemq.broker.TransportConnection.Transport | ActiveMQ Transport: tcp:///0:0:0:0:0:0:0:1:57291@61616
2017-09-05 16:24:17,304 | INFO  | Refreshing org.apache.activemq.xbean.XBeanBrokerFactory$1@6f7fd0e6: startup date [Tue Sep 05 16:24:17 COT 2017]; root of context hierarchy | org.apache.activemq.xbean.XBeanBrokerFactory$1 | main
2017-09-05 16:24:18,027 | INFO  | PListStore:[D:\Programas_vht\inmerssion_colombia\inmerssion_colombia_activemq_uan\apache-activemq-5.11.1-bin\bin\..\data\localhost\tmp_storage] started | org.apache.activemq.store.kahadb.plist.PListStoreImpl | main
2017-09-05 16:24:18,049 | INFO  | Using Persistence Adapter: KahaDBPersistenceAdapter[D:\Programas_vht\inmerssion_colombia\inmerssion_colombia_activemq_uan\apache-activemq-5.11.1-bin\bin\..\data\kahadb] | org.apache.activemq.broker.BrokerService | main
2017-09-05 16:24:18,335 | INFO  | KahaDB is version 5 | org.apache.activemq.store.kahadb.MessageDatabase | main
2017-09-05 16:24:18,355 | INFO  | Recovering from the journal ... | org.apache.activemq.store.kahadb.MessageDatabase | main
2017-09-05 16:24:18,358 | INFO  | Recovery replayed 4 operations from the journal in 0.013 seconds. | org.apache.activemq.store.kahadb.MessageDatabase | main
2017-09-05 16:24:18,501 | INFO  | Apache ActiveMQ 5.11.1 (localhost, ID:DESKTOP-706DKDI-62313-1504646658385-0:1) is starting | org.apache.activemq.broker.BrokerService | main
2017-09-05 16:24:18,550 | INFO  | Listening for connections at: tcp://DESKTOP-706DKDI:61616?maximumConnections=1000&wireFormat.maxFrameSize=104857600 | org.apache.activemq.transport.TransportServerThreadSupport | main
2017-09-05 16:24:18,553 | INFO  | Connector openwire started | org.apache.activemq.broker.TransportConnector | main
2017-09-05 16:24:18,563 | INFO  | Listening for connections at: amqp://DESKTOP-706DKDI:5672?maximumConnections=1000&wireFormat.maxFrameSize=104857600 | org.apache.activemq.transport.TransportServerThreadSupport | main
2017-09-05 16:24:18,565 | INFO  | Connector amqp started | org.apache.activemq.broker.TransportConnector | main
2017-09-05 16:24:18,577 | INFO  | Listening for connections at: stomp://DESKTOP-706DKDI:61613?maximumConnections=1000&wireFormat.maxFrameSize=104857600 | org.apache.activemq.transport.TransportServerThreadSupport | main
2017-09-05 16:24:18,578 | INFO  | Connector stomp started | org.apache.activemq.broker.TransportConnector | main
2017-09-05 16:24:18,584 | INFO  | Listening for connections at: mqtt://DESKTOP-706DKDI:1883?maximumConnections=1000&wireFormat.maxFrameSize=104857600 | org.apache.activemq.transport.TransportServerThreadSupport | main
2017-09-05 16:24:18,586 | INFO  | Connector mqtt started | org.apache.activemq.broker.TransportConnector | main
2017-09-05 16:24:18,732 | INFO  | Listening for connections at ws://DESKTOP-706DKDI:61614?maximumConnections=1000&wireFormat.maxFrameSize=104857600 | org.apache.activemq.transport.ws.WSTransportServer | main
2017-09-05 16:24:18,734 | INFO  | Connector ws started | org.apache.activemq.broker.TransportConnector | main
2017-09-05 16:24:18,744 | INFO  | Apache ActiveMQ 5.11.1 (localhost, ID:DESKTOP-706DKDI-62313-1504646658385-0:1) started | org.apache.activemq.broker.BrokerService | main
2017-09-05 16:24:18,745 | INFO  | For help or more information please see: http://activemq.apache.org | org.apache.activemq.broker.BrokerService | main
2017-09-05 16:24:19,013 | INFO  | ActiveMQ WebConsole available at http://0.0.0.0:8161/ | org.apache.activemq.web.WebConsoleStarter | main
2017-09-05 16:24:19,067 | INFO  | Initializing Spring FrameworkServlet 'dispatcher' | /admin | main
2017-09-05 16:24:19,287 | INFO  | jolokia-agent: No access restrictor found at classpath:/jolokia-access.xml, access to all MBeans is allowed | /api | main
2017-10-18 09:06:22,638 | INFO  | Refreshing org.apache.activemq.xbean.XBeanBrokerFactory$1@47c62251: startup date [Wed Oct 18 09:06:22 COT 2017]; root of context hierarchy | org.apache.activemq.xbean.XBeanBrokerFactory$1 | main
2017-10-18 09:06:23,792 | INFO  | PListStore:[D:\Programas_vht\_hvs\Ivan\inmerssion_colombia_activemq_uan\apache-activemq-5.11.1-bin\bin\..\data\localhost\tmp_storage] started | org.apache.activemq.store.kahadb.plist.PListStoreImpl | main
2017-10-18 09:06:23,821 | INFO  | Using Persistence Adapter: KahaDBPersistenceAdapter[D:\Programas_vht\_hvs\Ivan\inmerssion_colombia_activemq_uan\apache-activemq-5.11.1-bin\bin\..\data\kahadb] | org.apache.activemq.broker.BrokerService | main
2017-10-18 09:06:24,446 | INFO  | KahaDB is version 5 | org.apache.activemq.store.kahadb.MessageDatabase | main
2017-10-18 09:06:24,470 | INFO  | Recovering from the journal ... | org.apache.activemq.store.kahadb.MessageDatabase | main
2017-10-18 09:06:24,475 | INFO  | Recovery replayed 14 operations from the journal in 0.021 seconds. | org.apache.activemq.store.kahadb.MessageDatabase | main
2017-10-18 09:06:24,624 | INFO  | Apache ActiveMQ 5.11.1 (localhost, ID:DESKTOP-706DKDI-61216-1508335584504-0:1) is starting | org.apache.activemq.broker.BrokerService | main
2017-10-18 09:06:24,698 | INFO  | Listening for connections at: tcp://DESKTOP-706DKDI:61616?maximumConnections=1000&wireFormat.maxFrameSize=104857600 | org.apache.activemq.transport.TransportServerThreadSupport | main
2017-10-18 09:06:24,700 | INFO  | Connector openwire started | org.apache.activemq.broker.TransportConnector | main
2017-10-18 09:06:24,708 | INFO  | Listening for connections at: amqp://DESKTOP-706DKDI:5672?maximumConnections=1000&wireFormat.maxFrameSize=104857600 | org.apache.activemq.transport.TransportServerThreadSupport | main
2017-10-18 09:06:24,711 | INFO  | Connector amqp started | org.apache.activemq.broker.TransportConnector | main
2017-10-18 09:06:24,720 | INFO  | Listening for connections at: stomp://DESKTOP-706DKDI:61613?maximumConnections=1000&wireFormat.maxFrameSize=104857600 | org.apache.activemq.transport.TransportServerThreadSupport | main
2017-10-18 09:06:24,725 | INFO  | Connector stomp started | org.apache.activemq.broker.TransportConnector | main
2017-10-18 09:06:24,737 | INFO  | Listening for connections at: mqtt://DESKTOP-706DKDI:1883?maximumConnections=1000&wireFormat.maxFrameSize=104857600 | org.apache.activemq.transport.TransportServerThreadSupport | main
2017-10-18 09:06:24,739 | INFO  | Connector mqtt started | org.apache.activemq.broker.TransportConnector | main
2017-10-18 09:06:24,963 | INFO  | Listening for connections at ws://DESKTOP-706DKDI:61614?maximumConnections=1000&wireFormat.maxFrameSize=104857600 | org.apache.activemq.transport.ws.WSTransportServer | main
2017-10-18 09:06:24,964 | INFO  | Connector ws started | org.apache.activemq.broker.TransportConnector | main
2017-10-18 09:06:24,971 | INFO  | Apache ActiveMQ 5.11.1 (localhost, ID:DESKTOP-706DKDI-61216-1508335584504-0:1) started | org.apache.activemq.broker.BrokerService | main
2017-10-18 09:06:24,972 | INFO  | For help or more information please see: http://activemq.apache.org | org.apache.activemq.broker.BrokerService | main
2017-10-18 09:06:25,620 | INFO  | ActiveMQ WebConsole available at http://0.0.0.0:8161/ | org.apache.activemq.web.WebConsoleStarter | main
2017-10-18 09:06:25,712 | INFO  | Initializing Spring FrameworkServlet 'dispatcher' | /admin | main
2017-10-18 09:06:25,991 | INFO  | jolokia-agent: No access restrictor found at classpath:/jolokia-access.xml, access to all MBeans is allowed | /api | main
2017-10-18 09:09:56,893 | WARN  | Transport Connection to: tcp://127.0.0.1:61217 failed: java.net.SocketException: Connection reset | org.apache.activemq.broker.TransportConnection.Transport | ActiveMQ Transport: tcp:///127.0.0.1:61217@61616
2017-10-18 09:31:59,868 | INFO  | Refreshing org.apache.activemq.xbean.XBeanBrokerFactory$1@47c62251: startup date [Wed Oct 18 09:31:59 COT 2017]; root of context hierarchy | org.apache.activemq.xbean.XBeanBrokerFactory$1 | main
2017-10-18 09:32:00,789 | INFO  | PListStore:[C:\Users\herre\Desktop\EXPOCIENCIA\inmerssion_colombia_activemq_uan\apache-activemq-5.11.1-bin\bin\..\data\localhost\tmp_storage] started | org.apache.activemq.store.kahadb.plist.PListStoreImpl | main
2017-10-18 09:32:00,808 | INFO  | Using Persistence Adapter: KahaDBPersistenceAdapter[C:\Users\herre\Desktop\EXPOCIENCIA\inmerssion_colombia_activemq_uan\apache-activemq-5.11.1-bin\bin\..\data\kahadb] | org.apache.activemq.broker.BrokerService | main
2017-10-18 09:32:00,988 | INFO  | KahaDB is version 5 | org.apache.activemq.store.kahadb.MessageDatabase | main
2017-10-18 09:32:01,007 | INFO  | Recovering from the journal ... | org.apache.activemq.store.kahadb.MessageDatabase | main
2017-10-18 09:32:01,010 | INFO  | Recovery replayed 15 operations from the journal in 0.017 seconds. | org.apache.activemq.store.kahadb.MessageDatabase | main
2017-10-18 09:32:01,142 | INFO  | Apache ActiveMQ 5.11.1 (localhost, ID:DESKTOP-706DKDI-61618-1508337121024-0:1) is starting | org.apache.activemq.broker.BrokerService | main
2017-10-18 09:32:01,187 | INFO  | Listening for connections at: tcp://DESKTOP-706DKDI:61616?maximumConnections=1000&wireFormat.maxFrameSize=104857600 | org.apache.activemq.transport.TransportServerThreadSupport | main
2017-10-18 09:32:01,189 | INFO  | Connector openwire started | org.apache.activemq.broker.TransportConnector | main
2017-10-18 09:32:01,192 | INFO  | Listening for connections at: amqp://DESKTOP-706DKDI:5672?maximumConnections=1000&wireFormat.maxFrameSize=104857600 | org.apache.activemq.transport.TransportServerThreadSupport | main
2017-10-18 09:32:01,193 | INFO  | Connector amqp started | org.apache.activemq.broker.TransportConnector | main
2017-10-18 09:32:01,196 | INFO  | Listening for connections at: stomp://DESKTOP-706DKDI:61613?maximumConnections=1000&wireFormat.maxFrameSize=104857600 | org.apache.activemq.transport.TransportServerThreadSupport | main
2017-10-18 09:32:01,197 | INFO  | Connector stomp started | org.apache.activemq.broker.TransportConnector | main
2017-10-18 09:32:01,200 | INFO  | Listening for connections at: mqtt://DESKTOP-706DKDI:1883?maximumConnections=1000&wireFormat.maxFrameSize=104857600 | org.apache.activemq.transport.TransportServerThreadSupport | main
2017-10-18 09:32:01,202 | INFO  | Connector mqtt started | org.apache.activemq.broker.TransportConnector | main
2017-10-18 09:32:01,307 | WARN  | FAILED SelectChannelConnector@0.0.0.0:61614: java.net.BindException: Address already in use: bind | org.eclipse.jetty.util.component.AbstractLifeCycle | main
java.net.BindException: Address already in use: bind
	at sun.nio.ch.Net.bind0(Native Method)[:1.8.0_131]
	at sun.nio.ch.Net.bind(Net.java:433)[:1.8.0_131]
	at sun.nio.ch.Net.bind(Net.java:425)[:1.8.0_131]
	at sun.nio.ch.ServerSocketChannelImpl.bind(ServerSocketChannelImpl.java:223)[:1.8.0_131]
	at sun.nio.ch.ServerSocketAdaptor.bind(ServerSocketAdaptor.java:74)[:1.8.0_131]
	at org.eclipse.jetty.server.nio.SelectChannelConnector.open(SelectChannelConnector.java:187)[jetty-all-8.1.16.v20140903.jar:8.1.16.v20140903]
	at org.eclipse.jetty.server.AbstractConnector.doStart(AbstractConnector.java:316)[jetty-all-8.1.16.v20140903.jar:8.1.16.v20140903]
	at org.eclipse.jetty.server.nio.SelectChannelConnector.doStart(SelectChannelConnector.java:265)[jetty-all-8.1.16.v20140903.jar:8.1.16.v20140903]
	at org.eclipse.jetty.util.component.AbstractLifeCycle.start(AbstractLifeCycle.java:64)[jetty-all-8.1.16.v20140903.jar:8.1.16.v20140903]
	at org.eclipse.jetty.server.Server.doStart(Server.java:293)[jetty-all-8.1.16.v20140903.jar:8.1.16.v20140903]
	at org.eclipse.jetty.util.component.AbstractLifeCycle.start(AbstractLifeCycle.java:64)[jetty-all-8.1.16.v20140903.jar:8.1.16.v20140903]
	at org.apache.activemq.transport.ws.WSTransportServer.doStart(WSTransportServer.java:79)[activemq-http-5.11.1.jar:5.11.1]
	at org.apache.activemq.util.ServiceSupport.start(ServiceSupport.java:55)[activemq-client-5.11.1.jar:5.11.1]
	at org.apache.activemq.broker.TransportConnector.start(TransportConnector.java:248)[activemq-broker-5.11.1.jar:5.11.1]
	at org.apache.activemq.broker.BrokerService.startTransportConnector(BrokerService.java:2593)[activemq-broker-5.11.1.jar:5.11.1]
	at org.apache.activemq.broker.BrokerService.startAllConnectors(BrokerService.java:2506)[activemq-broker-5.11.1.jar:5.11.1]
	at org.apache.activemq.broker.BrokerService.doStartBroker(BrokerService.java:710)[activemq-broker-5.11.1.jar:5.11.1]
	at org.apache.activemq.broker.BrokerService.startBroker(BrokerService.java:670)[activemq-broker-5.11.1.jar:5.11.1]
	at org.apache.activemq.broker.BrokerService.start(BrokerService.java:606)[activemq-broker-5.11.1.jar:5.11.1]
	at org.apache.activemq.xbean.XBeanBrokerService.afterPropertiesSet(XBeanBrokerService.java:73)[activemq-spring-5.11.1.jar:5.11.1]
	at sun.reflect.NativeMethodAccessorImpl.invoke0(Native Method)[:1.8.0_131]
	at sun.reflect.NativeMethodAccessorImpl.invoke(NativeMethodAccessorImpl.java:62)[:1.8.0_131]
	at sun.reflect.DelegatingMethodAccessorImpl.invoke(DelegatingMethodAccessorImpl.java:43)[:1.8.0_131]
	at java.lang.reflect.Method.invoke(Method.java:498)[:1.8.0_131]
	at org.springframework.beans.factory.support.AbstractAutowireCapableBeanFactory.invokeCustomInitMethod(AbstractAutowireCapableBeanFactory.java:1640)[spring-beans-3.2.11.RELEASE.jar:3.2.11.RELEASE]
	at org.springframework.beans.factory.support.AbstractAutowireCapableBeanFactory.invokeInitMethods(AbstractAutowireCapableBeanFactory.java:1581)[spring-beans-3.2.11.RELEASE.jar:3.2.11.RELEASE]
	at org.springframework.beans.factory.support.AbstractAutowireCapableBeanFactory.initializeBean(AbstractAutowireCapableBeanFactory.java:1511)[spring-beans-3.2.11.RELEASE.jar:3.2.11.RELEASE]
	at org.springframework.beans.factory.support.AbstractAutowireCapableBeanFactory.doCreateBean(AbstractAutowireCapableBeanFactory.java:521)[spring-beans-3.2.11.RELEASE.jar:3.2.11.RELEASE]
	at org.springframework.beans.factory.support.AbstractAutowireCapableBeanFactory.createBean(AbstractAutowireCapableBeanFactory.java:458)[spring-beans-3.2.11.RELEASE.jar:3.2.11.RELEASE]
	at org.springframework.beans.factory.support.AbstractBeanFactory$1.getObject(AbstractBeanFactory.java:293)[spring-beans-3.2.11.RELEASE.jar:3.2.11.RELEASE]
	at org.springframework.beans.factory.support.DefaultSingletonBeanRegistry.getSingleton(DefaultSingletonBeanRegistry.java:223)[spring-beans-3.2.11.RELEASE.jar:3.2.11.RELEASE]
	at org.springframework.beans.factory.support.AbstractBeanFactory.doGetBean(AbstractBeanFactory.java:290)[spring-beans-3.2.11.RELEASE.jar:3.2.11.RELEASE]
	at org.springframework.beans.factory.support.AbstractBeanFactory.getBean(AbstractBeanFactory.java:191)[spring-beans-3.2.11.RELEASE.jar:3.2.11.RELEASE]
	at org.springframework.beans.factory.support.DefaultListableBeanFactory.preInstantiateSingletons(DefaultListableBeanFactory.java:636)[spring-beans-3.2.11.RELEASE.jar:3.2.11.RELEASE]
	at org.springframework.context.support.AbstractApplicationContext.finishBeanFactoryInitialization(AbstractApplicationContext.java:934)[spring-context-3.2.11.RELEASE.jar:3.2.11.RELEASE]
	at org.springframework.context.support.AbstractApplicationContext.refresh(AbstractApplicationContext.java:479)[spring-context-3.2.11.RELEASE.jar:3.2.11.RELEASE]
	at org.apache.xbean.spring.context.ResourceXmlApplicationContext.<init>(ResourceXmlApplicationContext.java:64)[xbean-spring-3.18.jar:3.18]
	at org.apache.xbean.spring.context.ResourceXmlApplicationContext.<init>(ResourceXmlApplicationContext.java:52)[xbean-spring-3.18.jar:3.18]
	at org.apache.activemq.xbean.XBeanBrokerFactory$1.<init>(XBeanBrokerFactory.java:104)[activemq-spring-5.11.1.jar:5.11.1]
	at org.apache.activemq.xbean.XBeanBrokerFactory.createApplicationContext(XBeanBrokerFactory.java:104)[activemq-spring-5.11.1.jar:5.11.1]
	at org.apache.activemq.xbean.XBeanBrokerFactory.createBroker(XBeanBrokerFactory.java:67)[activemq-spring-5.11.1.jar:5.11.1]
	at org.apache.activemq.broker.BrokerFactory.createBroker(BrokerFactory.java:71)[activemq-broker-5.11.1.jar:5.11.1]
	at org.apache.activemq.broker.BrokerFactory.createBroker(BrokerFactory.java:54)[activemq-broker-5.11.1.jar:5.11.1]
	at org.apache.activemq.console.command.StartCommand.runTask(StartCommand.java:87)[activemq-console-5.11.1.jar:5.11.1]
	at org.apache.activemq.console.command.AbstractCommand.execute(AbstractCommand.java:57)[activemq-console-5.11.1.jar:5.11.1]
	at org.apache.activemq.console.command.ShellCommand.runTask(ShellCommand.java:150)[activemq-console-5.11.1.jar:5.11.1]
	at org.apache.activemq.console.command.AbstractCommand.execute(AbstractCommand.java:57)[activemq-console-5.11.1.jar:5.11.1]
	at org.apache.activemq.console.command.ShellCommand.main(ShellCommand.java:104)[activemq-console-5.11.1.jar:5.11.1]
	at sun.reflect.NativeMethodAccessorImpl.invoke0(Native Method)[:1.8.0_131]
	at sun.reflect.NativeMethodAccessorImpl.invoke(NativeMethodAccessorImpl.java:62)[:1.8.0_131]
	at sun.reflect.DelegatingMethodAccessorImpl.invoke(DelegatingMethodAccessorImpl.java:43)[:1.8.0_131]
	at java.lang.reflect.Method.invoke(Method.java:498)[:1.8.0_131]
	at org.apache.activemq.console.Main.runTaskClass(Main.java:262)[activemq.jar:5.11.1]
	at org.apache.activemq.console.Main.main(Main.java:115)[activemq.jar:5.11.1]
2017-10-18 09:32:01,312 | WARN  | FAILED org.eclipse.jetty.server.Server@2c4d1ac: java.net.BindException: Address already in use: bind | org.eclipse.jetty.util.component.AbstractLifeCycle | main
java.net.BindException: Address already in use: bind
	at sun.nio.ch.Net.bind0(Native Method)[:1.8.0_131]
	at sun.nio.ch.Net.bind(Net.java:433)[:1.8.0_131]
	at sun.nio.ch.Net.bind(Net.java:425)[:1.8.0_131]
	at sun.nio.ch.ServerSocketChannelImpl.bind(ServerSocketChannelImpl.java:223)[:1.8.0_131]
	at sun.nio.ch.ServerSocketAdaptor.bind(ServerSocketAdaptor.java:74)[:1.8.0_131]
	at org.eclipse.jetty.server.nio.SelectChannelConnector.open(SelectChannelConnector.java:187)[jetty-all-8.1.16.v20140903.jar:8.1.16.v20140903]
	at org.eclipse.jetty.server.AbstractConnector.doStart(AbstractConnector.java:316)[jetty-all-8.1.16.v20140903.jar:8.1.16.v20140903]
	at org.eclipse.jetty.server.nio.SelectChannelConnector.doStart(SelectChannelConnector.java:265)[jetty-all-8.1.16.v20140903.jar:8.1.16.v20140903]
	at org.eclipse.jetty.util.component.AbstractLifeCycle.start(AbstractLifeCycle.java:64)[jetty-all-8.1.16.v20140903.jar:8.1.16.v20140903]
	at org.eclipse.jetty.server.Server.doStart(Server.java:293)[jetty-all-8.1.16.v20140903.jar:8.1.16.v20140903]
	at org.eclipse.jetty.util.component.AbstractLifeCycle.start(AbstractLifeCycle.java:64)[jetty-all-8.1.16.v20140903.jar:8.1.16.v20140903]
	at org.apache.activemq.transport.ws.WSTransportServer.doStart(WSTransportServer.java:79)[activemq-http-5.11.1.jar:5.11.1]
	at org.apache.activemq.util.ServiceSupport.start(ServiceSupport.java:55)[activemq-client-5.11.1.jar:5.11.1]
	at org.apache.activemq.broker.TransportConnector.start(TransportConnector.java:248)[activemq-broker-5.11.1.jar:5.11.1]
	at org.apache.activemq.broker.BrokerService.startTransportConnector(BrokerService.java:2593)[activemq-broker-5.11.1.jar:5.11.1]
	at org.apache.activemq.broker.BrokerService.startAllConnectors(BrokerService.java:2506)[activemq-broker-5.11.1.jar:5.11.1]
	at org.apache.activemq.broker.BrokerService.doStartBroker(BrokerService.java:710)[activemq-broker-5.11.1.jar:5.11.1]
	at org.apache.activemq.broker.BrokerService.startBroker(BrokerService.java:670)[activemq-broker-5.11.1.jar:5.11.1]
	at org.apache.activemq.broker.BrokerService.start(BrokerService.java:606)[activemq-broker-5.11.1.jar:5.11.1]
	at org.apache.activemq.xbean.XBeanBrokerService.afterPropertiesSet(XBeanBrokerService.java:73)[activemq-spring-5.11.1.jar:5.11.1]
	at sun.reflect.NativeMethodAccessorImpl.invoke0(Native Method)[:1.8.0_131]
	at sun.reflect.NativeMethodAccessorImpl.invoke(NativeMethodAccessorImpl.java:62)[:1.8.0_131]
	at sun.reflect.DelegatingMethodAccessorImpl.invoke(DelegatingMethodAccessorImpl.java:43)[:1.8.0_131]
	at java.lang.reflect.Method.invoke(Method.java:498)[:1.8.0_131]
	at org.springframework.beans.factory.support.AbstractAutowireCapableBeanFactory.invokeCustomInitMethod(AbstractAutowireCapableBeanFactory.java:1640)[spring-beans-3.2.11.RELEASE.jar:3.2.11.RELEASE]
	at org.springframework.beans.factory.support.AbstractAutowireCapableBeanFactory.invokeInitMethods(AbstractAutowireCapableBeanFactory.java:1581)[spring-beans-3.2.11.RELEASE.jar:3.2.11.RELEASE]
	at org.springframework.beans.factory.support.AbstractAutowireCapableBeanFactory.initializeBean(AbstractAutowireCapableBeanFactory.java:1511)[spring-beans-3.2.11.RELEASE.jar:3.2.11.RELEASE]
	at org.springframework.beans.factory.support.AbstractAutowireCapableBeanFactory.doCreateBean(AbstractAutowireCapableBeanFactory.java:521)[spring-beans-3.2.11.RELEASE.jar:3.2.11.RELEASE]
	at org.springframework.beans.factory.support.AbstractAutowireCapableBeanFactory.createBean(AbstractAutowireCapableBeanFactory.java:458)[spring-beans-3.2.11.RELEASE.jar:3.2.11.RELEASE]
	at org.springframework.beans.factory.support.AbstractBeanFactory$1.getObject(AbstractBeanFactory.java:293)[spring-beans-3.2.11.RELEASE.jar:3.2.11.RELEASE]
	at org.springframework.beans.factory.support.DefaultSingletonBeanRegistry.getSingleton(DefaultSingletonBeanRegistry.java:223)[spring-beans-3.2.11.RELEASE.jar:3.2.11.RELEASE]
	at org.springframework.beans.factory.support.AbstractBeanFactory.doGetBean(AbstractBeanFactory.java:290)[spring-beans-3.2.11.RELEASE.jar:3.2.11.RELEASE]
	at org.springframework.beans.factory.support.AbstractBeanFactory.getBean(AbstractBeanFactory.java:191)[spring-beans-3.2.11.RELEASE.jar:3.2.11.RELEASE]
	at org.springframework.beans.factory.support.DefaultListableBeanFactory.preInstantiateSingletons(DefaultListableBeanFactory.java:636)[spring-beans-3.2.11.RELEASE.jar:3.2.11.RELEASE]
	at org.springframework.context.support.AbstractApplicationContext.finishBeanFactoryInitialization(AbstractApplicationContext.java:934)[spring-context-3.2.11.RELEASE.jar:3.2.11.RELEASE]
	at org.springframework.context.support.AbstractApplicationContext.refresh(AbstractApplicationContext.java:479)[spring-context-3.2.11.RELEASE.jar:3.2.11.RELEASE]
	at org.apache.xbean.spring.context.ResourceXmlApplicationContext.<init>(ResourceXmlApplicationContext.java:64)[xbean-spring-3.18.jar:3.18]
	at org.apache.xbean.spring.context.ResourceXmlApplicationContext.<init>(ResourceXmlApplicationContext.java:52)[xbean-spring-3.18.jar:3.18]
	at org.apache.activemq.xbean.XBeanBrokerFactory$1.<init>(XBeanBrokerFactory.java:104)[activemq-spring-5.11.1.jar:5.11.1]
	at org.apache.activemq.xbean.XBeanBrokerFactory.createApplicationContext(XBeanBrokerFactory.java:104)[activemq-spring-5.11.1.jar:5.11.1]
	at org.apache.activemq.xbean.XBeanBrokerFactory.createBroker(XBeanBrokerFactory.java:67)[activemq-spring-5.11.1.jar:5.11.1]
	at org.apache.activemq.broker.BrokerFactory.createBroker(BrokerFactory.java:71)[activemq-broker-5.11.1.jar:5.11.1]
	at org.apache.activemq.broker.BrokerFactory.createBroker(BrokerFactory.java:54)[activemq-broker-5.11.1.jar:5.11.1]
	at org.apache.activemq.console.command.StartCommand.runTask(StartCommand.java:87)[activemq-console-5.11.1.jar:5.11.1]
	at org.apache.activemq.console.command.AbstractCommand.execute(AbstractCommand.java:57)[activemq-console-5.11.1.jar:5.11.1]
	at org.apache.activemq.console.command.ShellCommand.runTask(ShellCommand.java:150)[activemq-console-5.11.1.jar:5.11.1]
	at org.apache.activemq.console.command.AbstractCommand.execute(AbstractCommand.java:57)[activemq-console-5.11.1.jar:5.11.1]
	at org.apache.activemq.console.command.ShellCommand.main(ShellCommand.java:104)[activemq-console-5.11.1.jar:5.11.1]
	at sun.reflect.NativeMethodAccessorImpl.invoke0(Native Method)[:1.8.0_131]
	at sun.reflect.NativeMethodAccessorImpl.invoke(NativeMethodAccessorImpl.java:62)[:1.8.0_131]
	at sun.reflect.DelegatingMethodAccessorImpl.invoke(DelegatingMethodAccessorImpl.java:43)[:1.8.0_131]
	at java.lang.reflect.Method.invoke(Method.java:498)[:1.8.0_131]
	at org.apache.activemq.console.Main.runTaskClass(Main.java:262)[activemq.jar:5.11.1]
	at org.apache.activemq.console.Main.main(Main.java:115)[activemq.jar:5.11.1]
2017-10-18 09:32:01,316 | ERROR | Failed to start Apache ActiveMQ ([localhost, ID:DESKTOP-706DKDI-61618-1508337121024-0:1], java.net.BindException: Address already in use: bind) | org.apache.activemq.broker.BrokerService | main
2017-10-18 09:32:01,332 | INFO  | Apache ActiveMQ 5.11.1 (localhost, ID:DESKTOP-706DKDI-61618-1508337121024-0:1) is shutting down | org.apache.activemq.broker.BrokerService | main
2017-10-18 09:32:01,335 | INFO  | Connector openwire stopped | org.apache.activemq.broker.TransportConnector | main
2017-10-18 09:32:01,336 | INFO  | Connector amqp stopped | org.apache.activemq.broker.TransportConnector | main
2017-10-18 09:32:01,337 | INFO  | Connector stomp stopped | org.apache.activemq.broker.TransportConnector | main
2017-10-18 09:32:01,338 | INFO  | Connector mqtt stopped | org.apache.activemq.broker.TransportConnector | main
2017-10-18 09:32:01,393 | INFO  | Connector ws stopped | org.apache.activemq.broker.TransportConnector | main
2017-10-18 09:32:01,396 | INFO  | PListStore:[C:\Users\herre\Desktop\EXPOCIENCIA\inmerssion_colombia_activemq_uan\apache-activemq-5.11.1-bin\bin\..\data\localhost\tmp_storage] stopped | org.apache.activemq.store.kahadb.plist.PListStoreImpl | main
2017-10-18 09:32:01,397 | INFO  | Stopping async queue tasks | org.apache.activemq.store.kahadb.KahaDBStore | main
2017-10-18 09:32:01,398 | INFO  | Stopping async topic tasks | org.apache.activemq.store.kahadb.KahaDBStore | main
2017-10-18 09:32:01,400 | INFO  | Stopped KahaDB | org.apache.activemq.store.kahadb.KahaDBStore | main
2017-10-18 09:32:01,496 | INFO  | Apache ActiveMQ 5.11.1 (localhost, ID:DESKTOP-706DKDI-61618-1508337121024-0:1) uptime 0.702 seconds | org.apache.activemq.broker.BrokerService | main
2017-10-18 09:32:01,497 | INFO  | Apache ActiveMQ 5.11.1 (localhost, ID:DESKTOP-706DKDI-61618-1508337121024-0:1) is shutdown | org.apache.activemq.broker.BrokerService | main
2017-10-18 09:32:01,498 | INFO  | Closing org.apache.activemq.xbean.XBeanBrokerFactory$1@47c62251: startup date [Wed Oct 18 09:31:59 COT 2017]; root of context hierarchy | org.apache.activemq.xbean.XBeanBrokerFactory$1 | main
2017-10-18 09:32:01,501 | WARN  | Exception thrown from LifecycleProcessor on context close | org.apache.activemq.xbean.XBeanBrokerFactory$1 | main
java.lang.IllegalStateException: LifecycleProcessor not initialized - call 'refresh' before invoking lifecycle methods via the context: org.apache.activemq.xbean.XBeanBrokerFactory$1@47c62251: startup date [Wed Oct 18 09:31:59 COT 2017]; root of context hierarchy
	at org.springframework.context.support.AbstractApplicationContext.getLifecycleProcessor(AbstractApplicationContext.java:360)[spring-context-3.2.11.RELEASE.jar:3.2.11.RELEASE]
	at org.springframework.context.support.AbstractApplicationContext.doClose(AbstractApplicationContext.java:1059)[spring-context-3.2.11.RELEASE.jar:3.2.11.RELEASE]
	at org.springframework.context.support.AbstractApplicationContext.close(AbstractApplicationContext.java:1012)[spring-context-3.2.11.RELEASE.jar:3.2.11.RELEASE]
	at org.apache.activemq.hooks.SpringContextHook.run(SpringContextHook.java:30)[activemq-spring-5.11.1.jar:5.11.1]
	at org.apache.activemq.broker.BrokerService.stop(BrokerService.java:826)[activemq-broker-5.11.1.jar:5.11.1]
	at org.apache.activemq.xbean.XBeanBrokerService.stop(XBeanBrokerService.java:122)[activemq-spring-5.11.1.jar:5.11.1]
	at org.apache.activemq.broker.BrokerService.start(BrokerService.java:612)[activemq-broker-5.11.1.jar:5.11.1]
	at org.apache.activemq.xbean.XBeanBrokerService.afterPropertiesSet(XBeanBrokerService.java:73)[activemq-spring-5.11.1.jar:5.11.1]
	at sun.reflect.NativeMethodAccessorImpl.invoke0(Native Method)[:1.8.0_131]
	at sun.reflect.NativeMethodAccessorImpl.invoke(NativeMethodAccessorImpl.java:62)[:1.8.0_131]
	at sun.reflect.DelegatingMethodAccessorImpl.invoke(DelegatingMethodAccessorImpl.java:43)[:1.8.0_131]
	at java.lang.reflect.Method.invoke(Method.java:498)[:1.8.0_131]
	at org.springframework.beans.factory.support.AbstractAutowireCapableBeanFactory.invokeCustomInitMethod(AbstractAutowireCapableBeanFactory.java:1640)[spring-beans-3.2.11.RELEASE.jar:3.2.11.RELEASE]
	at org.springframework.beans.factory.support.AbstractAutowireCapableBeanFactory.invokeInitMethods(AbstractAutowireCapableBeanFactory.java:1581)[spring-beans-3.2.11.RELEASE.jar:3.2.11.RELEASE]
	at org.springframework.beans.factory.support.AbstractAutowireCapableBeanFactory.initializeBean(AbstractAutowireCapableBeanFactory.java:1511)[spring-beans-3.2.11.RELEASE.jar:3.2.11.RELEASE]
	at org.springframework.beans.factory.support.AbstractAutowireCapableBeanFactory.doCreateBean(AbstractAutowireCapableBeanFactory.java:521)[spring-beans-3.2.11.RELEASE.jar:3.2.11.RELEASE]
	at org.springframework.beans.factory.support.AbstractAutowireCapableBeanFactory.createBean(AbstractAutowireCapableBeanFactory.java:458)[spring-beans-3.2.11.RELEASE.jar:3.2.11.RELEASE]
	at org.springframework.beans.factory.support.AbstractBeanFactory$1.getObject(AbstractBeanFactory.java:293)[spring-beans-3.2.11.RELEASE.jar:3.2.11.RELEASE]
	at org.springframework.beans.factory.support.DefaultSingletonBeanRegistry.getSingleton(DefaultSingletonBeanRegistry.java:223)[spring-beans-3.2.11.RELEASE.jar:3.2.11.RELEASE]
	at org.springframework.beans.factory.support.AbstractBeanFactory.doGetBean(AbstractBeanFactory.java:290)[spring-beans-3.2.11.RELEASE.jar:3.2.11.RELEASE]
	at org.springframework.beans.factory.support.AbstractBeanFactory.getBean(AbstractBeanFactory.java:191)[spring-beans-3.2.11.RELEASE.jar:3.2.11.RELEASE]
	at org.springframework.beans.factory.support.DefaultListableBeanFactory.preInstantiateSingletons(DefaultListableBeanFactory.java:636)[spring-beans-3.2.11.RELEASE.jar:3.2.11.RELEASE]
	at org.springframework.context.support.AbstractApplicationContext.finishBeanFactoryInitialization(AbstractApplicationContext.java:934)[spring-context-3.2.11.RELEASE.jar:3.2.11.RELEASE]
	at org.springframework.context.support.AbstractApplicationContext.refresh(AbstractApplicationContext.java:479)[spring-context-3.2.11.RELEASE.jar:3.2.11.RELEASE]
	at org.apache.xbean.spring.context.ResourceXmlApplicationContext.<init>(ResourceXmlApplicationContext.java:64)[xbean-spring-3.18.jar:3.18]
	at org.apache.xbean.spring.context.ResourceXmlApplicationContext.<init>(ResourceXmlApplicationContext.java:52)[xbean-spring-3.18.jar:3.18]
	at org.apache.activemq.xbean.XBeanBrokerFactory$1.<init>(XBeanBrokerFactory.java:104)[activemq-spring-5.11.1.jar:5.11.1]
	at org.apache.activemq.xbean.XBeanBrokerFactory.createApplicationContext(XBeanBrokerFactory.java:104)[activemq-spring-5.11.1.jar:5.11.1]
	at org.apache.activemq.xbean.XBeanBrokerFactory.createBroker(XBeanBrokerFactory.java:67)[activemq-spring-5.11.1.jar:5.11.1]
	at org.apache.activemq.broker.BrokerFactory.createBroker(BrokerFactory.java:71)[activemq-broker-5.11.1.jar:5.11.1]
	at org.apache.activemq.broker.BrokerFactory.createBroker(BrokerFactory.java:54)[activemq-broker-5.11.1.jar:5.11.1]
	at org.apache.activemq.console.command.StartCommand.runTask(StartCommand.java:87)[activemq-console-5.11.1.jar:5.11.1]
	at org.apache.activemq.console.command.AbstractCommand.execute(AbstractCommand.java:57)[activemq-console-5.11.1.jar:5.11.1]
	at org.apache.activemq.console.command.ShellCommand.runTask(ShellCommand.java:150)[activemq-console-5.11.1.jar:5.11.1]
	at org.apache.activemq.console.command.AbstractCommand.execute(AbstractCommand.java:57)[activemq-console-5.11.1.jar:5.11.1]
	at org.apache.activemq.console.command.ShellCommand.main(ShellCommand.java:104)[activemq-console-5.11.1.jar:5.11.1]
	at sun.reflect.NativeMethodAccessorImpl.invoke0(Native Method)[:1.8.0_131]
	at sun.reflect.NativeMethodAccessorImpl.invoke(NativeMethodAccessorImpl.java:62)[:1.8.0_131]
	at sun.reflect.DelegatingMethodAccessorImpl.invoke(DelegatingMethodAccessorImpl.java:43)[:1.8.0_131]
	at java.lang.reflect.Method.invoke(Method.java:498)[:1.8.0_131]
	at org.apache.activemq.console.Main.runTaskClass(Main.java:262)[activemq.jar:5.11.1]
	at org.apache.activemq.console.Main.main(Main.java:115)[activemq.jar:5.11.1]
2017-10-18 09:32:01,503 | WARN  | Exception encountered during context initialization - cancelling refresh attempt | org.apache.activemq.xbean.XBeanBrokerFactory$1 | main
org.springframework.beans.factory.BeanCreationException: Error creating bean with name 'org.apache.activemq.xbean.XBeanBrokerService#0' defined in class path resource [activemq.xml]: Invocation of init method failed; nested exception is java.net.BindException: Address already in use: bind
	at org.springframework.beans.factory.support.AbstractAutowireCapableBeanFactory.initializeBean(AbstractAutowireCapableBeanFactory.java:1514)[spring-beans-3.2.11.RELEASE.jar:3.2.11.RELEASE]
	at org.springframework.beans.factory.support.AbstractAutowireCapableBeanFactory.doCreateBean(AbstractAutowireCapableBeanFactory.java:521)[spring-beans-3.2.11.RELEASE.jar:3.2.11.RELEASE]
	at org.springframework.beans.factory.support.AbstractAutowireCapableBeanFactory.createBean(AbstractAutowireCapableBeanFactory.java:458)[spring-beans-3.2.11.RELEASE.jar:3.2.11.RELEASE]
	at org.springframework.beans.factory.support.AbstractBeanFactory$1.getObject(AbstractBeanFactory.java:293)[spring-beans-3.2.11.RELEASE.jar:3.2.11.RELEASE]
	at org.springframework.beans.factory.support.DefaultSingletonBeanRegistry.getSingleton(DefaultSingletonBeanRegistry.java:223)[spring-beans-3.2.11.RELEASE.jar:3.2.11.RELEASE]
	at org.springframework.beans.factory.support.AbstractBeanFactory.doGetBean(AbstractBeanFactory.java:290)[spring-beans-3.2.11.RELEASE.jar:3.2.11.RELEASE]
	at org.springframework.beans.factory.support.AbstractBeanFactory.getBean(AbstractBeanFactory.java:191)[spring-beans-3.2.11.RELEASE.jar:3.2.11.RELEASE]
	at org.springframework.beans.factory.support.DefaultListableBeanFactory.preInstantiateSingletons(DefaultListableBeanFactory.java:636)[spring-beans-3.2.11.RELEASE.jar:3.2.11.RELEASE]
	at org.springframework.context.support.AbstractApplicationContext.finishBeanFactoryInitialization(AbstractApplicationContext.java:934)[spring-context-3.2.11.RELEASE.jar:3.2.11.RELEASE]
	at org.springframework.context.support.AbstractApplicationContext.refresh(AbstractApplicationContext.java:479)[spring-context-3.2.11.RELEASE.jar:3.2.11.RELEASE]
	at org.apache.xbean.spring.context.ResourceXmlApplicationContext.<init>(ResourceXmlApplicationContext.java:64)[xbean-spring-3.18.jar:3.18]
	at org.apache.xbean.spring.context.ResourceXmlApplicationContext.<init>(ResourceXmlApplicationContext.java:52)[xbean-spring-3.18.jar:3.18]
	at org.apache.activemq.xbean.XBeanBrokerFactory$1.<init>(XBeanBrokerFactory.java:104)[activemq-spring-5.11.1.jar:5.11.1]
	at org.apache.activemq.xbean.XBeanBrokerFactory.createApplicationContext(XBeanBrokerFactory.java:104)[activemq-spring-5.11.1.jar:5.11.1]
	at org.apache.activemq.xbean.XBeanBrokerFactory.createBroker(XBeanBrokerFactory.java:67)[activemq-spring-5.11.1.jar:5.11.1]
	at org.apache.activemq.broker.BrokerFactory.createBroker(BrokerFactory.java:71)[activemq-broker-5.11.1.jar:5.11.1]
	at org.apache.activemq.broker.BrokerFactory.createBroker(BrokerFactory.java:54)[activemq-broker-5.11.1.jar:5.11.1]
	at org.apache.activemq.console.command.StartCommand.runTask(StartCommand.java:87)[activemq-console-5.11.1.jar:5.11.1]
	at org.apache.activemq.console.command.AbstractCommand.execute(AbstractCommand.java:57)[activemq-console-5.11.1.jar:5.11.1]
	at org.apache.activemq.console.command.ShellCommand.runTask(ShellCommand.java:150)[activemq-console-5.11.1.jar:5.11.1]
	at org.apache.activemq.console.command.AbstractCommand.execute(AbstractCommand.java:57)[activemq-console-5.11.1.jar:5.11.1]
	at org.apache.activemq.console.command.ShellCommand.main(ShellCommand.java:104)[activemq-console-5.11.1.jar:5.11.1]
	at sun.reflect.NativeMethodAccessorImpl.invoke0(Native Method)[:1.8.0_131]
	at sun.reflect.NativeMethodAccessorImpl.invoke(NativeMethodAccessorImpl.java:62)[:1.8.0_131]
	at sun.reflect.DelegatingMethodAccessorImpl.invoke(DelegatingMethodAccessorImpl.java:43)[:1.8.0_131]
	at java.lang.reflect.Method.invoke(Method.java:498)[:1.8.0_131]
	at org.apache.activemq.console.Main.runTaskClass(Main.java:262)[activemq.jar:5.11.1]
	at org.apache.activemq.console.Main.main(Main.java:115)[activemq.jar:5.11.1]
2017-10-18 09:35:05,326 | INFO  | Refreshing org.apache.activemq.xbean.XBeanBrokerFactory$1@47c62251: startup date [Wed Oct 18 09:35:05 COT 2017]; root of context hierarchy | org.apache.activemq.xbean.XBeanBrokerFactory$1 | main
2017-10-18 09:35:05,951 | INFO  | PListStore:[C:\Users\herre\Desktop\EXPOCIENCIA\inmerssion_colombia_activemq_uan\apache-activemq-5.11.1-bin\bin\..\data\localhost\tmp_storage] started | org.apache.activemq.store.kahadb.plist.PListStoreImpl | main
2017-10-18 09:35:05,973 | INFO  | Using Persistence Adapter: KahaDBPersistenceAdapter[C:\Users\herre\Desktop\EXPOCIENCIA\inmerssion_colombia_activemq_uan\apache-activemq-5.11.1-bin\bin\..\data\kahadb] | org.apache.activemq.broker.BrokerService | main
2017-10-18 09:35:06,140 | INFO  | KahaDB is version 5 | org.apache.activemq.store.kahadb.MessageDatabase | main
2017-10-18 09:35:06,164 | INFO  | Recovering from the journal ... | org.apache.activemq.store.kahadb.MessageDatabase | main
2017-10-18 09:35:06,167 | INFO  | Recovery replayed 1 operations from the journal in 0.018 seconds. | org.apache.activemq.store.kahadb.MessageDatabase | main
2017-10-18 09:35:06,306 | INFO  | Apache ActiveMQ 5.11.1 (localhost, ID:DESKTOP-706DKDI-61715-1508337306190-0:1) is starting | org.apache.activemq.broker.BrokerService | main
2017-10-18 09:35:06,351 | INFO  | Listening for connections at: tcp://DESKTOP-706DKDI:61616?maximumConnections=1000&wireFormat.maxFrameSize=104857600 | org.apache.activemq.transport.TransportServerThreadSupport | main
2017-10-18 09:35:06,353 | INFO  | Connector openwire started | org.apache.activemq.broker.TransportConnector | main
2017-10-18 09:35:06,358 | INFO  | Listening for connections at: amqp://DESKTOP-706DKDI:5672?maximumConnections=1000&wireFormat.maxFrameSize=104857600 | org.apache.activemq.transport.TransportServerThreadSupport | main
2017-10-18 09:35:06,359 | INFO  | Connector amqp started | org.apache.activemq.broker.TransportConnector | main
2017-10-18 09:35:06,362 | INFO  | Listening for connections at: stomp://DESKTOP-706DKDI:61613?maximumConnections=1000&wireFormat.maxFrameSize=104857600 | org.apache.activemq.transport.TransportServerThreadSupport | main
2017-10-18 09:35:06,369 | INFO  | Connector stomp started | org.apache.activemq.broker.TransportConnector | main
2017-10-18 09:35:06,372 | INFO  | Listening for connections at: mqtt://DESKTOP-706DKDI:1883?maximumConnections=1000&wireFormat.maxFrameSize=104857600 | org.apache.activemq.transport.TransportServerThreadSupport | main
2017-10-18 09:35:06,373 | INFO  | Connector mqtt started | org.apache.activemq.broker.TransportConnector | main
2017-10-18 09:35:06,497 | INFO  | Listening for connections at ws://DESKTOP-706DKDI:61614?maximumConnections=1000&wireFormat.maxFrameSize=104857600 | org.apache.activemq.transport.ws.WSTransportServer | main
2017-10-18 09:35:06,499 | INFO  | Connector ws started | org.apache.activemq.broker.TransportConnector | main
2017-10-18 09:35:06,505 | INFO  | Apache ActiveMQ 5.11.1 (localhost, ID:DESKTOP-706DKDI-61715-1508337306190-0:1) started | org.apache.activemq.broker.BrokerService | main
2017-10-18 09:35:06,507 | INFO  | For help or more information please see: http://activemq.apache.org | org.apache.activemq.broker.BrokerService | main
2017-10-18 09:35:06,509 | WARN  | Store limit is 102400 mb (current store usage is 1 mb). The data directory: C:\Users\herre\Desktop\EXPOCIENCIA\inmerssion_colombia_activemq_uan\apache-activemq-5.11.1-bin\bin\..\data\kahadb only has 20795 mb of usable space - resetting to maximum available disk space: 20796 mb | org.apache.activemq.broker.BrokerService | main
2017-10-18 09:35:06,511 | WARN  | Temporary Store limit is 51200 mb, whilst the temporary data directory: C:\Users\herre\Desktop\EXPOCIENCIA\inmerssion_colombia_activemq_uan\apache-activemq-5.11.1-bin\bin\..\data\localhost\tmp_storage only has 20795 mb of usable space - resetting to maximum available 20795 mb. | org.apache.activemq.broker.BrokerService | main
2017-10-18 09:35:06,837 | INFO  | ActiveMQ WebConsole available at http://0.0.0.0:8161/ | org.apache.activemq.web.WebConsoleStarter | main
2017-10-18 09:35:06,899 | INFO  | Initializing Spring FrameworkServlet 'dispatcher' | /admin | main
2017-10-18 09:35:07,270 | INFO  | jolokia-agent: No access restrictor found at classpath:/jolokia-access.xml, access to all MBeans is allowed | /api | main
2017-10-18 09:39:49,311 | WARN  | Transport Connection to: tcp://0:0:0:0:0:0:0:1:61726 failed: java.net.SocketException: Connection reset | org.apache.activemq.broker.TransportConnection.Transport | ActiveMQ Transport: tcp:///0:0:0:0:0:0:0:1:61726@61616
2017-10-18 10:12:37,875 | INFO  | Refreshing org.apache.activemq.xbean.XBeanBrokerFactory$1@47c62251: startup date [Wed Oct 18 10:12:37 COT 2017]; root of context hierarchy | org.apache.activemq.xbean.XBeanBrokerFactory$1 | main
2017-10-18 10:12:38,680 | INFO  | PListStore:[C:\Users\herre\Desktop\EXPOCIENCIA\inmerssion_colombia_activemq_uan\apache-activemq-5.11.1-bin\bin\..\data\localhost\tmp_storage] started | org.apache.activemq.store.kahadb.plist.PListStoreImpl | main
2017-10-18 10:12:38,699 | INFO  | Using Persistence Adapter: KahaDBPersistenceAdapter[C:\Users\herre\Desktop\EXPOCIENCIA\inmerssion_colombia_activemq_uan\apache-activemq-5.11.1-bin\bin\..\data\kahadb] | org.apache.activemq.broker.BrokerService | main
2017-10-18 10:12:38,899 | INFO  | KahaDB is version 5 | org.apache.activemq.store.kahadb.MessageDatabase | main
2017-10-18 10:12:38,923 | INFO  | Recovering from the journal ... | org.apache.activemq.store.kahadb.MessageDatabase | main
2017-10-18 10:12:38,929 | INFO  | Recovery replayed 56 operations from the journal in 0.023 seconds. | org.apache.activemq.store.kahadb.MessageDatabase | main
2017-10-18 10:12:39,067 | INFO  | Apache ActiveMQ 5.11.1 (localhost, ID:DESKTOP-706DKDI-62077-1508339558948-0:1) is starting | org.apache.activemq.broker.BrokerService | main
2017-10-18 10:12:39,119 | INFO  | Listening for connections at: tcp://DESKTOP-706DKDI:61616?maximumConnections=1000&wireFormat.maxFrameSize=104857600 | org.apache.activemq.transport.TransportServerThreadSupport | main
2017-10-18 10:12:39,122 | INFO  | Connector openwire started | org.apache.activemq.broker.TransportConnector | main
2017-10-18 10:12:39,129 | INFO  | Listening for connections at: amqp://DESKTOP-706DKDI:5672?maximumConnections=1000&wireFormat.maxFrameSize=104857600 | org.apache.activemq.transport.TransportServerThreadSupport | main
2017-10-18 10:12:39,130 | INFO  | Connector amqp started | org.apache.activemq.broker.TransportConnector | main
2017-10-18 10:12:39,134 | INFO  | Listening for connections at: stomp://DESKTOP-706DKDI:61613?maximumConnections=1000&wireFormat.maxFrameSize=104857600 | org.apache.activemq.transport.TransportServerThreadSupport | main
2017-10-18 10:12:39,135 | INFO  | Connector stomp started | org.apache.activemq.broker.TransportConnector | main
2017-10-18 10:12:39,138 | INFO  | Listening for connections at: mqtt://DESKTOP-706DKDI:1883?maximumConnections=1000&wireFormat.maxFrameSize=104857600 | org.apache.activemq.transport.TransportServerThreadSupport | main
2017-10-18 10:12:39,139 | INFO  | Connector mqtt started | org.apache.activemq.broker.TransportConnector | main
2017-10-18 10:12:39,279 | INFO  | Listening for connections at ws://DESKTOP-706DKDI:61614?maximumConnections=1000&wireFormat.maxFrameSize=104857600 | org.apache.activemq.transport.ws.WSTransportServer | main
2017-10-18 10:12:39,280 | INFO  | Connector ws started | org.apache.activemq.broker.TransportConnector | main
2017-10-18 10:12:39,283 | INFO  | Apache ActiveMQ 5.11.1 (localhost, ID:DESKTOP-706DKDI-62077-1508339558948-0:1) started | org.apache.activemq.broker.BrokerService | main
2017-10-18 10:12:39,284 | INFO  | For help or more information please see: http://activemq.apache.org | org.apache.activemq.broker.BrokerService | main
2017-10-18 10:12:39,286 | WARN  | Store limit is 102400 mb (current store usage is 1 mb). The data directory: C:\Users\herre\Desktop\EXPOCIENCIA\inmerssion_colombia_activemq_uan\apache-activemq-5.11.1-bin\bin\..\data\kahadb only has 20779 mb of usable space - resetting to maximum available disk space: 20780 mb | org.apache.activemq.broker.BrokerService | main
2017-10-18 10:12:39,287 | WARN  | Temporary Store limit is 51200 mb, whilst the temporary data directory: C:\Users\herre\Desktop\EXPOCIENCIA\inmerssion_colombia_activemq_uan\apache-activemq-5.11.1-bin\bin\..\data\localhost\tmp_storage only has 20779 mb of usable space - resetting to maximum available 20779 mb. | org.apache.activemq.broker.BrokerService | main
2017-10-18 10:12:39,645 | INFO  | ActiveMQ WebConsole available at http://0.0.0.0:8161/ | org.apache.activemq.web.WebConsoleStarter | main
2017-10-18 10:12:39,706 | INFO  | Initializing Spring FrameworkServlet 'dispatcher' | /admin | main
2017-10-18 10:12:40,074 | INFO  | jolokia-agent: No access restrictor found at classpath:/jolokia-access.xml, access to all MBeans is allowed | /api | main
2017-10-18 14:39:53,839 | WARN  | Transport Connection to: tcp://0:0:0:0:0:0:0:1:62088 failed: java.net.SocketException: Connection reset | org.apache.activemq.broker.TransportConnection.Transport | ActiveMQ Transport: tcp:///0:0:0:0:0:0:0:1:62088@61616
2017-10-18 15:40:42,269 | INFO  | Refreshing org.apache.activemq.xbean.XBeanBrokerFactory$1@47c62251: startup date [Wed Oct 18 15:40:42 COT 2017]; root of context hierarchy | org.apache.activemq.xbean.XBeanBrokerFactory$1 | main
2017-10-18 15:40:43,037 | INFO  | PListStore:[D:\_Programas_vht\_hvs\inmerssion_colombia_activemq_uan\apache-activemq-5.11.1-bin\bin\..\data\localhost\tmp_storage] started | org.apache.activemq.store.kahadb.plist.PListStoreImpl | main
2017-10-18 15:40:43,060 | INFO  | Using Persistence Adapter: KahaDBPersistenceAdapter[D:\_Programas_vht\_hvs\inmerssion_colombia_activemq_uan\apache-activemq-5.11.1-bin\bin\..\data\kahadb] | org.apache.activemq.broker.BrokerService | main
2017-10-18 15:40:43,337 | INFO  | KahaDB is version 5 | org.apache.activemq.store.kahadb.MessageDatabase | main
2017-10-18 15:40:43,360 | INFO  | Recovering from the journal ... | org.apache.activemq.store.kahadb.MessageDatabase | main
2017-10-18 15:40:43,377 | INFO  | Recovery replayed 502 operations from the journal in 0.031 seconds. | org.apache.activemq.store.kahadb.MessageDatabase | main
2017-10-18 15:40:43,514 | INFO  | Apache ActiveMQ 5.11.1 (localhost, ID:DESKTOP-706DKDI-51025-1508359243397-0:1) is starting | org.apache.activemq.broker.BrokerService | main
2017-10-18 15:40:43,569 | INFO  | Listening for connections at: tcp://DESKTOP-706DKDI:61616?maximumConnections=1000&wireFormat.maxFrameSize=104857600 | org.apache.activemq.transport.TransportServerThreadSupport | main
2017-10-18 15:40:43,572 | INFO  | Connector openwire started | org.apache.activemq.broker.TransportConnector | main
2017-10-18 15:40:43,585 | INFO  | Listening for connections at: amqp://DESKTOP-706DKDI:5672?maximumConnections=1000&wireFormat.maxFrameSize=104857600 | org.apache.activemq.transport.TransportServerThreadSupport | main
2017-10-18 15:40:43,587 | INFO  | Connector amqp started | org.apache.activemq.broker.TransportConnector | main
2017-10-18 15:40:43,597 | INFO  | Listening for connections at: stomp://DESKTOP-706DKDI:61613?maximumConnections=1000&wireFormat.maxFrameSize=104857600 | org.apache.activemq.transport.TransportServerThreadSupport | main
2017-10-18 15:40:43,599 | INFO  | Connector stomp started | org.apache.activemq.broker.TransportConnector | main
2017-10-18 15:40:43,609 | INFO  | Listening for connections at: mqtt://DESKTOP-706DKDI:1883?maximumConnections=1000&wireFormat.maxFrameSize=104857600 | org.apache.activemq.transport.TransportServerThreadSupport | main
2017-10-18 15:40:43,611 | INFO  | Connector mqtt started | org.apache.activemq.broker.TransportConnector | main
2017-10-18 15:40:43,767 | INFO  | Listening for connections at ws://DESKTOP-706DKDI:61614?maximumConnections=1000&wireFormat.maxFrameSize=104857600 | org.apache.activemq.transport.ws.WSTransportServer | main
2017-10-18 15:40:43,769 | INFO  | Connector ws started | org.apache.activemq.broker.TransportConnector | main
2017-10-18 15:40:43,780 | INFO  | Apache ActiveMQ 5.11.1 (localhost, ID:DESKTOP-706DKDI-51025-1508359243397-0:1) started | org.apache.activemq.broker.BrokerService | main
2017-10-18 15:40:43,781 | INFO  | For help or more information please see: http://activemq.apache.org | org.apache.activemq.broker.BrokerService | main
2017-10-18 15:40:44,140 | INFO  | ActiveMQ WebConsole available at http://0.0.0.0:8161/ | org.apache.activemq.web.WebConsoleStarter | main
2017-10-18 15:40:44,214 | INFO  | Initializing Spring FrameworkServlet 'dispatcher' | /admin | main
2017-10-18 15:40:44,626 | INFO  | jolokia-agent: No access restrictor found at classpath:/jolokia-access.xml, access to all MBeans is allowed | /api | main
2017-10-18 16:06:43,468 | WARN  | Failed to add Connection ID:DESKTOP-706DKDI-51805-636439396033107868-1:0 | org.apache.activemq.broker.TransportConnection | ActiveMQ Transport: tcp:///0:0:0:0:0:0:0:1:51806@61616
javax.jms.InvalidClientIDException: Broker: localhost - Client: Speech Connection already connected from tcp://0:0:0:0:0:0:0:1:51046
	at org.apache.activemq.broker.region.RegionBroker.addConnection(RegionBroker.java:255)[activemq-broker-5.11.1.jar:5.11.1]
	at org.apache.activemq.broker.jmx.ManagedRegionBroker.addConnection(ManagedRegionBroker.java:231)[activemq-broker-5.11.1.jar:5.11.1]
	at org.apache.activemq.broker.BrokerFilter.addConnection(BrokerFilter.java:97)[activemq-broker-5.11.1.jar:5.11.1]
	at org.apache.activemq.advisory.AdvisoryBroker.addConnection(AdvisoryBroker.java:92)[activemq-broker-5.11.1.jar:5.11.1]
	at org.apache.activemq.broker.BrokerFilter.addConnection(BrokerFilter.java:97)[activemq-broker-5.11.1.jar:5.11.1]
	at org.apache.activemq.broker.BrokerFilter.addConnection(BrokerFilter.java:97)[activemq-broker-5.11.1.jar:5.11.1]
	at org.apache.activemq.broker.MutableBrokerFilter.addConnection(MutableBrokerFilter.java:102)[activemq-broker-5.11.1.jar:5.11.1]
	at org.apache.activemq.broker.TransportConnection.processAddConnection(TransportConnection.java:809)[activemq-broker-5.11.1.jar:5.11.1]
	at org.apache.activemq.broker.jmx.ManagedTransportConnection.processAddConnection(ManagedTransportConnection.java:79)[activemq-broker-5.11.1.jar:5.11.1]
	at org.apache.activemq.command.ConnectionInfo.visit(ConnectionInfo.java:139)[activemq-client-5.11.1.jar:5.11.1]
	at org.apache.activemq.broker.TransportConnection.service(TransportConnection.java:334)[activemq-broker-5.11.1.jar:5.11.1]
	at org.apache.activemq.broker.TransportConnection$1.onCommand(TransportConnection.java:188)[activemq-broker-5.11.1.jar:5.11.1]
	at org.apache.activemq.transport.MutexTransport.onCommand(MutexTransport.java:50)[activemq-client-5.11.1.jar:5.11.1]
	at org.apache.activemq.transport.WireFormatNegotiator.onCommand(WireFormatNegotiator.java:113)[activemq-client-5.11.1.jar:5.11.1]
	at org.apache.activemq.transport.AbstractInactivityMonitor.onCommand(AbstractInactivityMonitor.java:270)[activemq-client-5.11.1.jar:5.11.1]
	at org.apache.activemq.transport.TransportSupport.doConsume(TransportSupport.java:83)[activemq-client-5.11.1.jar:5.11.1]
	at org.apache.activemq.transport.tcp.TcpTransport.doRun(TcpTransport.java:214)[activemq-client-5.11.1.jar:5.11.1]
	at org.apache.activemq.transport.tcp.TcpTransport.run(TcpTransport.java:196)[activemq-client-5.11.1.jar:5.11.1]
	at java.lang.Thread.run(Thread.java:748)[:1.8.0_131]
2017-10-18 16:06:43,476 | WARN  | Transport Connection to: tcp://0:0:0:0:0:0:0:1:51806 failed: java.io.EOFException | org.apache.activemq.broker.TransportConnection.Transport | ActiveMQ Transport: tcp:///0:0:0:0:0:0:0:1:51806@61616
2017-10-18 16:07:03,688 | WARN  | Failed to add Connection ID:DESKTOP-706DKDI-51816-636439396235580406-1:0 | org.apache.activemq.broker.TransportConnection | ActiveMQ Transport: tcp:///0:0:0:0:0:0:0:1:51817@61616
javax.jms.InvalidClientIDException: Broker: localhost - Client: Speech Connection already connected from tcp://0:0:0:0:0:0:0:1:51046
	at org.apache.activemq.broker.region.RegionBroker.addConnection(RegionBroker.java:255)[activemq-broker-5.11.1.jar:5.11.1]
	at org.apache.activemq.broker.jmx.ManagedRegionBroker.addConnection(ManagedRegionBroker.java:231)[activemq-broker-5.11.1.jar:5.11.1]
	at org.apache.activemq.broker.BrokerFilter.addConnection(BrokerFilter.java:97)[activemq-broker-5.11.1.jar:5.11.1]
	at org.apache.activemq.advisory.AdvisoryBroker.addConnection(AdvisoryBroker.java:92)[activemq-broker-5.11.1.jar:5.11.1]
	at org.apache.activemq.broker.BrokerFilter.addConnection(BrokerFilter.java:97)[activemq-broker-5.11.1.jar:5.11.1]
	at org.apache.activemq.broker.BrokerFilter.addConnection(BrokerFilter.java:97)[activemq-broker-5.11.1.jar:5.11.1]
	at org.apache.activemq.broker.MutableBrokerFilter.addConnection(MutableBrokerFilter.java:102)[activemq-broker-5.11.1.jar:5.11.1]
	at org.apache.activemq.broker.TransportConnection.processAddConnection(TransportConnection.java:809)[activemq-broker-5.11.1.jar:5.11.1]
	at org.apache.activemq.broker.jmx.ManagedTransportConnection.processAddConnection(ManagedTransportConnection.java:79)[activemq-broker-5.11.1.jar:5.11.1]
	at org.apache.activemq.command.ConnectionInfo.visit(ConnectionInfo.java:139)[activemq-client-5.11.1.jar:5.11.1]
	at org.apache.activemq.broker.TransportConnection.service(TransportConnection.java:334)[activemq-broker-5.11.1.jar:5.11.1]
	at org.apache.activemq.broker.TransportConnection$1.onCommand(TransportConnection.java:188)[activemq-broker-5.11.1.jar:5.11.1]
	at org.apache.activemq.transport.MutexTransport.onCommand(MutexTransport.java:50)[activemq-client-5.11.1.jar:5.11.1]
	at org.apache.activemq.transport.WireFormatNegotiator.onCommand(WireFormatNegotiator.java:113)[activemq-client-5.11.1.jar:5.11.1]
	at org.apache.activemq.transport.AbstractInactivityMonitor.onCommand(AbstractInactivityMonitor.java:270)[activemq-client-5.11.1.jar:5.11.1]
	at org.apache.activemq.transport.TransportSupport.doConsume(TransportSupport.java:83)[activemq-client-5.11.1.jar:5.11.1]
	at org.apache.activemq.transport.tcp.TcpTransport.doRun(TcpTransport.java:214)[activemq-client-5.11.1.jar:5.11.1]
	at org.apache.activemq.transport.tcp.TcpTransport.run(TcpTransport.java:196)[activemq-client-5.11.1.jar:5.11.1]
	at java.lang.Thread.run(Thread.java:748)[:1.8.0_131]
2017-10-18 16:07:03,694 | WARN  | Transport Connection to: tcp://0:0:0:0:0:0:0:1:51817 failed: java.io.EOFException | org.apache.activemq.broker.TransportConnection.Transport | ActiveMQ Transport: tcp:///0:0:0:0:0:0:0:1:51817@61616
2017-10-18 16:07:11,678 | WARN  | Transport Connection to: tcp://0:0:0:0:0:0:0:1:51046 failed: java.net.SocketException: Connection reset | org.apache.activemq.broker.TransportConnection.Transport | ActiveMQ Transport: tcp:///0:0:0:0:0:0:0:1:51046@61616
2017-10-19 11:01:05,345 | INFO  | Refreshing org.apache.activemq.xbean.XBeanBrokerFactory$1@47c62251: startup date [Thu Oct 19 11:01:05 COT 2017]; root of context hierarchy | org.apache.activemq.xbean.XBeanBrokerFactory$1 | main
2017-10-19 11:01:06,134 | INFO  | PListStore:[D:\_Programas_vht\_hvs\inmerssion_colombia_activemq_uan\apache-activemq-5.11.1-bin\bin\..\data\localhost\tmp_storage] started | org.apache.activemq.store.kahadb.plist.PListStoreImpl | main
2017-10-19 11:01:06,172 | INFO  | Using Persistence Adapter: KahaDBPersistenceAdapter[D:\_Programas_vht\_hvs\inmerssion_colombia_activemq_uan\apache-activemq-5.11.1-bin\bin\..\data\kahadb] | org.apache.activemq.broker.BrokerService | main
2017-10-19 11:01:06,551 | INFO  | KahaDB is version 5 | org.apache.activemq.store.kahadb.MessageDatabase | main
2017-10-19 11:01:06,583 | INFO  | Recovering from the journal ... | org.apache.activemq.store.kahadb.MessageDatabase | main
2017-10-19 11:01:06,594 | INFO  | Recovery replayed 223 operations from the journal in 0.038 seconds. | org.apache.activemq.store.kahadb.MessageDatabase | main
2017-10-19 11:01:06,741 | INFO  | Apache ActiveMQ 5.11.1 (localhost, ID:DESKTOP-706DKDI-49948-1508428866624-0:1) is starting | org.apache.activemq.broker.BrokerService | main
2017-10-19 11:01:06,783 | INFO  | Listening for connections at: tcp://DESKTOP-706DKDI:61616?maximumConnections=1000&wireFormat.maxFrameSize=104857600 | org.apache.activemq.transport.TransportServerThreadSupport | main
2017-10-19 11:01:06,785 | INFO  | Connector openwire started | org.apache.activemq.broker.TransportConnector | main
2017-10-19 11:01:06,790 | INFO  | Listening for connections at: amqp://DESKTOP-706DKDI:5672?maximumConnections=1000&wireFormat.maxFrameSize=104857600 | org.apache.activemq.transport.TransportServerThreadSupport | main
2017-10-19 11:01:06,792 | INFO  | Connector amqp started | org.apache.activemq.broker.TransportConnector | main
2017-10-19 11:01:06,797 | INFO  | Listening for connections at: stomp://DESKTOP-706DKDI:61613?maximumConnections=1000&wireFormat.maxFrameSize=104857600 | org.apache.activemq.transport.TransportServerThreadSupport | main
2017-10-19 11:01:06,798 | INFO  | Connector stomp started | org.apache.activemq.broker.TransportConnector | main
2017-10-19 11:01:06,809 | INFO  | Listening for connections at: mqtt://DESKTOP-706DKDI:1883?maximumConnections=1000&wireFormat.maxFrameSize=104857600 | org.apache.activemq.transport.TransportServerThreadSupport | main
2017-10-19 11:01:06,811 | INFO  | Connector mqtt started | org.apache.activemq.broker.TransportConnector | main
2017-10-19 11:01:06,986 | INFO  | Listening for connections at ws://DESKTOP-706DKDI:61614?maximumConnections=1000&wireFormat.maxFrameSize=104857600 | org.apache.activemq.transport.ws.WSTransportServer | main
2017-10-19 11:01:06,988 | INFO  | Connector ws started | org.apache.activemq.broker.TransportConnector | main
2017-10-19 11:01:06,992 | INFO  | Apache ActiveMQ 5.11.1 (localhost, ID:DESKTOP-706DKDI-49948-1508428866624-0:1) started | org.apache.activemq.broker.BrokerService | main
2017-10-19 11:01:06,993 | INFO  | For help or more information please see: http://activemq.apache.org | org.apache.activemq.broker.BrokerService | main
2017-10-19 11:01:07,377 | INFO  | ActiveMQ WebConsole available at http://0.0.0.0:8161/ | org.apache.activemq.web.WebConsoleStarter | main
2017-10-19 11:01:07,490 | INFO  | Initializing Spring FrameworkServlet 'dispatcher' | /admin | main
2017-10-19 11:01:07,846 | INFO  | jolokia-agent: No access restrictor found at classpath:/jolokia-access.xml, access to all MBeans is allowed | /api | main
2017-10-19 11:01:59,560 | WARN  | Transport Connection to: tcp://0:0:0:0:0:0:0:1:49958 failed: java.net.SocketException: Connection reset | org.apache.activemq.broker.TransportConnection.Transport | ActiveMQ Transport: tcp:///0:0:0:0:0:0:0:1:49958@61616
2017-11-04 09:13:14,460 | INFO  | Refreshing org.apache.activemq.xbean.XBeanBrokerFactory$1@6f7fd0e6: startup date [Sat Nov 04 09:13:14 COT 2017]; root of context hierarchy | org.apache.activemq.xbean.XBeanBrokerFactory$1 | main
2017-11-04 09:13:15,537 | INFO  | PListStore:[D:\_Programas_vht\_hvs\inmerssion_colombia_activemq_uan\apache-activemq-5.11.1-bin\bin\..\data\localhost\tmp_storage] started | org.apache.activemq.store.kahadb.plist.PListStoreImpl | main
2017-11-04 09:13:15,569 | INFO  | Using Persistence Adapter: KahaDBPersistenceAdapter[D:\_Programas_vht\_hvs\inmerssion_colombia_activemq_uan\apache-activemq-5.11.1-bin\bin\..\data\kahadb] | org.apache.activemq.broker.BrokerService | main
2017-11-04 09:13:15,943 | INFO  | KahaDB is version 5 | org.apache.activemq.store.kahadb.MessageDatabase | main
2017-11-04 09:13:15,989 | INFO  | Recovering from the journal ... | org.apache.activemq.store.kahadb.MessageDatabase | main
2017-11-04 09:13:15,994 | INFO  | Recovery replayed 11 operations from the journal in 0.039 seconds. | org.apache.activemq.store.kahadb.MessageDatabase | main
2017-11-04 09:13:16,146 | INFO  | Apache ActiveMQ 5.11.1 (localhost, ID:DESKTOP-706DKDI-59815-1509804796025-0:1) is starting | org.apache.activemq.broker.BrokerService | main
2017-11-04 09:13:16,204 | INFO  | Listening for connections at: tcp://DESKTOP-706DKDI:61616?maximumConnections=1000&wireFormat.maxFrameSize=104857600 | org.apache.activemq.transport.TransportServerThreadSupport | main
2017-11-04 09:13:16,208 | INFO  | Connector openwire started | org.apache.activemq.broker.TransportConnector | main
2017-11-04 09:13:16,216 | INFO  | Listening for connections at: amqp://DESKTOP-706DKDI:5672?maximumConnections=1000&wireFormat.maxFrameSize=104857600 | org.apache.activemq.transport.TransportServerThreadSupport | main
2017-11-04 09:13:16,229 | INFO  | Connector amqp started | org.apache.activemq.broker.TransportConnector | main
2017-11-04 09:13:16,238 | INFO  | Listening for connections at: stomp://DESKTOP-706DKDI:61613?maximumConnections=1000&wireFormat.maxFrameSize=104857600 | org.apache.activemq.transport.TransportServerThreadSupport | main
2017-11-04 09:13:16,243 | INFO  | Connector stomp started | org.apache.activemq.broker.TransportConnector | main
2017-11-04 09:13:16,262 | INFO  | Listening for connections at: mqtt://DESKTOP-706DKDI:1883?maximumConnections=1000&wireFormat.maxFrameSize=104857600 | org.apache.activemq.transport.TransportServerThreadSupport | main
2017-11-04 09:13:16,265 | INFO  | Connector mqtt started | org.apache.activemq.broker.TransportConnector | main
2017-11-04 09:13:16,488 | INFO  | Listening for connections at ws://DESKTOP-706DKDI:61614?maximumConnections=1000&wireFormat.maxFrameSize=104857600 | org.apache.activemq.transport.ws.WSTransportServer | main
2017-11-04 09:13:16,491 | INFO  | Connector ws started | org.apache.activemq.broker.TransportConnector | main
2017-11-04 09:13:16,502 | INFO  | Apache ActiveMQ 5.11.1 (localhost, ID:DESKTOP-706DKDI-59815-1509804796025-0:1) started | org.apache.activemq.broker.BrokerService | main
2017-11-04 09:13:16,506 | INFO  | For help or more information please see: http://activemq.apache.org | org.apache.activemq.broker.BrokerService | main
2017-11-04 09:13:17,148 | INFO  | ActiveMQ WebConsole available at http://0.0.0.0:8161/ | org.apache.activemq.web.WebConsoleStarter | main
2017-11-04 09:13:17,289 | INFO  | Initializing Spring FrameworkServlet 'dispatcher' | /admin | main
2017-11-04 09:13:17,842 | INFO  | jolokia-agent: No access restrictor found at classpath:/jolokia-access.xml, access to all MBeans is allowed | /api | main
2017-11-04 09:55:09,835 | WARN  | Transport Connection to: tcp://127.0.0.1:60620 failed: java.io.EOFException | org.apache.activemq.broker.TransportConnection.Transport | ActiveMQ Transport: tcp:///127.0.0.1:60620@61616
2017-11-04 10:21:17,573 | INFO  | Refreshing org.apache.activemq.xbean.XBeanBrokerFactory$1@6f7fd0e6: startup date [Sat Nov 04 10:21:17 COT 2017]; root of context hierarchy | org.apache.activemq.xbean.XBeanBrokerFactory$1 | main
2017-11-04 10:21:18,207 | INFO  | PListStore:[D:\_Programas_vht\_hvs\inmerssion_colombia_activemq_uan\apache-activemq-5.11.1-bin\bin\..\data\localhost\tmp_storage] started | org.apache.activemq.store.kahadb.plist.PListStoreImpl | main
2017-11-04 10:21:18,232 | INFO  | Using Persistence Adapter: KahaDBPersistenceAdapter[D:\_Programas_vht\_hvs\inmerssion_colombia_activemq_uan\apache-activemq-5.11.1-bin\bin\..\data\kahadb] | org.apache.activemq.broker.BrokerService | main
2017-11-04 10:21:18,484 | INFO  | KahaDB is version 5 | org.apache.activemq.store.kahadb.MessageDatabase | main
2017-11-04 10:21:18,509 | INFO  | Recovering from the journal ... | org.apache.activemq.store.kahadb.MessageDatabase | main
2017-11-04 10:21:18,530 | INFO  | Recovery replayed 742 operations from the journal in 0.038 seconds. | org.apache.activemq.store.kahadb.MessageDatabase | main
2017-11-04 10:21:18,669 | INFO  | Apache ActiveMQ 5.11.1 (localhost, ID:DESKTOP-706DKDI-61360-1509808878552-0:1) is starting | org.apache.activemq.broker.BrokerService | main
2017-11-04 10:21:18,711 | INFO  | Listening for connections at: tcp://DESKTOP-706DKDI:61616?maximumConnections=1000&wireFormat.maxFrameSize=104857600 | org.apache.activemq.transport.TransportServerThreadSupport | main
2017-11-04 10:21:18,713 | INFO  | Connector openwire started | org.apache.activemq.broker.TransportConnector | main
2017-11-04 10:21:18,724 | INFO  | Listening for connections at: amqp://DESKTOP-706DKDI:5672?maximumConnections=1000&wireFormat.maxFrameSize=104857600 | org.apache.activemq.transport.TransportServerThreadSupport | main
2017-11-04 10:21:18,725 | INFO  | Connector amqp started | org.apache.activemq.broker.TransportConnector | main
2017-11-04 10:21:18,735 | INFO  | Listening for connections at: stomp://DESKTOP-706DKDI:61613?maximumConnections=1000&wireFormat.maxFrameSize=104857600 | org.apache.activemq.transport.TransportServerThreadSupport | main
2017-11-04 10:21:18,736 | INFO  | Connector stomp started | org.apache.activemq.broker.TransportConnector | main
2017-11-04 10:21:18,741 | INFO  | Listening for connections at: mqtt://DESKTOP-706DKDI:1883?maximumConnections=1000&wireFormat.maxFrameSize=104857600 | org.apache.activemq.transport.TransportServerThreadSupport | main
2017-11-04 10:21:18,743 | INFO  | Connector mqtt started | org.apache.activemq.broker.TransportConnector | main
2017-11-04 10:21:18,875 | INFO  | Listening for connections at ws://DESKTOP-706DKDI:61614?maximumConnections=1000&wireFormat.maxFrameSize=104857600 | org.apache.activemq.transport.ws.WSTransportServer | main
2017-11-04 10:21:18,877 | INFO  | Connector ws started | org.apache.activemq.broker.TransportConnector | main
2017-11-04 10:21:18,886 | INFO  | Apache ActiveMQ 5.11.1 (localhost, ID:DESKTOP-706DKDI-61360-1509808878552-0:1) started | org.apache.activemq.broker.BrokerService | main
2017-11-04 10:21:18,887 | INFO  | For help or more information please see: http://activemq.apache.org | org.apache.activemq.broker.BrokerService | main
2017-11-04 10:21:19,171 | INFO  | ActiveMQ WebConsole available at http://0.0.0.0:8161/ | org.apache.activemq.web.WebConsoleStarter | main
2017-11-04 10:21:19,213 | INFO  | Initializing Spring FrameworkServlet 'dispatcher' | /admin | main
2017-11-04 10:21:19,448 | INFO  | jolokia-agent: No access restrictor found at classpath:/jolokia-access.xml, access to all MBeans is allowed | /api | main
